ERROR - 2021-11-24 01:58:31 --> Table 'sigma7.user' doesn't exist
CRITICAL - 2021-11-24 01:58:31 --> Table 'sigma7.user' doesn't exist
#0 C:\xampp\htdocs\Sigma7\system\Database\MySQLi\Connection.php(292): mysqli->query('INSERT INTO use...', 0)
#1 C:\xampp\htdocs\Sigma7\system\Database\BaseConnection.php(670): CodeIgniter\Database\MySQLi\Connection->execute('INSERT INTO use...')
#2 C:\xampp\htdocs\Sigma7\system\Database\BaseConnection.php(598): CodeIgniter\Database\BaseConnection->simpleQuery('INSERT INTO use...')
#3 C:\xampp\htdocs\Sigma7\app\Models\UserModel.php(22): CodeIgniter\Database\BaseConnection->query('INSERT INTO use...', Array)
#4 C:\xampp\htdocs\Sigma7\app\Controllers\Home.php(49): App\Models\UserModel->insertDataRegister('1@gmail.com', 'c4ca4238a0b9238...')
#5 C:\xampp\htdocs\Sigma7\system\CodeIgniter.php(824): App\Controllers\Home->registerUser()
#6 C:\xampp\htdocs\Sigma7\system\CodeIgniter.php(410): CodeIgniter\CodeIgniter->runController(Object(App\Controllers\Home))
#7 C:\xampp\htdocs\Sigma7\system\CodeIgniter.php(318): CodeIgniter\CodeIgniter->handleRequest(NULL, Object(Config\Cache), false)
#8 C:\xampp\htdocs\Sigma7\public\index.php(37): CodeIgniter\CodeIgniter->run()
#9 {main}
CRITICAL - 2021-11-24 03:01:16 --> Undefined property: App\Controllers\Home::$userModel
#0 C:\xampp\htdocs\Sigma7\app\Controllers\Home.php(76): CodeIgniter\Debug\Exceptions->errorHandler(2, 'Undefined prope...', 'C:\\xampp\\htdocs...', 76)
#1 C:\xampp\htdocs\Sigma7\system\CodeIgniter.php(824): App\Controllers\Home->loginUser()
#2 C:\xampp\htdocs\Sigma7\system\CodeIgniter.php(410): CodeIgniter\CodeIgniter->runController(Object(App\Controllers\Home))
#3 C:\xampp\htdocs\Sigma7\system\CodeIgniter.php(318): CodeIgniter\CodeIgniter->handleRequest(NULL, Object(Config\Cache), false)
#4 C:\xampp\htdocs\Sigma7\public\index.php(37): CodeIgniter\CodeIgniter->run()
#5 {main}
CRITICAL - 2021-11-24 03:01:49 --> Undefined property: App\Controllers\Home::$userModel
#0 C:\xampp\htdocs\Sigma7\app\Controllers\Home.php(76): CodeIgniter\Debug\Exceptions->errorHandler(2, 'Undefined prope...', 'C:\\xampp\\htdocs...', 76)
#1 C:\xampp\htdocs\Sigma7\system\CodeIgniter.php(824): App\Controllers\Home->loginUser()
#2 C:\xampp\htdocs\Sigma7\system\CodeIgniter.php(410): CodeIgniter\CodeIgniter->runController(Object(App\Controllers\Home))
#3 C:\xampp\htdocs\Sigma7\system\CodeIgniter.php(318): CodeIgniter\CodeIgniter->handleRequest(NULL, Object(Config\Cache), false)
#4 C:\xampp\htdocs\Sigma7\public\index.php(37): CodeIgniter\CodeIgniter->run()
#5 {main}
CRITICAL - 2021-11-24 08:50:01 --> Undefined property: App\Controllers\Home::$exerciseModel
#0 C:\xampp\htdocs\Sigma7\app\Controllers\Home.php(121): CodeIgniter\Debug\Exceptions->errorHandler(2, 'Undefined prope...', 'C:\\xampp\\htdocs...', 121)
#1 C:\xampp\htdocs\Sigma7\system\CodeIgniter.php(824): App\Controllers\Home->exercisesPage()
#2 C:\xampp\htdocs\Sigma7\system\CodeIgniter.php(410): CodeIgniter\CodeIgniter->runController(Object(App\Controllers\Home))
#3 C:\xampp\htdocs\Sigma7\system\CodeIgniter.php(318): CodeIgniter\CodeIgniter->handleRequest(NULL, Object(Config\Cache), false)
#4 C:\xampp\htdocs\Sigma7\public\index.php(37): CodeIgniter\CodeIgniter->run()
#5 {main}
CRITICAL - 2021-11-24 08:50:07 --> Undefined property: App\Controllers\Home::$exerciseModel
#0 C:\xampp\htdocs\Sigma7\app\Controllers\Home.php(121): CodeIgniter\Debug\Exceptions->errorHandler(2, 'Undefined prope...', 'C:\\xampp\\htdocs...', 121)
#1 C:\xampp\htdocs\Sigma7\system\CodeIgniter.php(824): App\Controllers\Home->exercisesPage()
#2 C:\xampp\htdocs\Sigma7\system\CodeIgniter.php(410): CodeIgniter\CodeIgniter->runController(Object(App\Controllers\Home))
#3 C:\xampp\htdocs\Sigma7\system\CodeIgniter.php(318): CodeIgniter\CodeIgniter->handleRequest(NULL, Object(Config\Cache), false)
#4 C:\xampp\htdocs\Sigma7\public\index.php(37): CodeIgniter\CodeIgniter->run()
#5 {main}
CRITICAL - 2021-11-24 08:58:01 --> Undefined property: App\Controllers\Home::$statementModel
#0 C:\xampp\htdocs\Sigma7\app\Controllers\Home.php(171): CodeIgniter\Debug\Exceptions->errorHandler(2, 'Undefined prope...', 'C:\\xampp\\htdocs...', 171)
#1 C:\xampp\htdocs\Sigma7\system\CodeIgniter.php(824): App\Controllers\Home->acceptBiodata()
#2 C:\xampp\htdocs\Sigma7\system\CodeIgniter.php(410): CodeIgniter\CodeIgniter->runController(Object(App\Controllers\Home))
#3 C:\xampp\htdocs\Sigma7\system\CodeIgniter.php(318): CodeIgniter\CodeIgniter->handleRequest(NULL, Object(Config\Cache), false)
#4 C:\xampp\htdocs\Sigma7\public\index.php(37): CodeIgniter\CodeIgniter->run()
#5 {main}
ERROR - 2021-11-24 09:02:17 --> You have an error in your SQL syntax; check the manual that corresponds to your MariaDB server version for the right syntax to use near ':name;, '1', 'M', '11.5', '11.5', 869.5652173913, 'C0003', 'M0001', 'I0001', ...' at line 1
CRITICAL - 2021-11-24 09:02:17 --> You have an error in your SQL syntax; check the manual that corresponds to your MariaDB server version for the right syntax to use near ':name;, '1', 'M', '11.5', '11.5', 869.5652173913, 'C0003', 'M0001', 'I0001', ...' at line 1
#0 C:\xampp\htdocs\Sigma7\system\Database\MySQLi\Connection.php(292): mysqli->query('INSERT INTO dia...', 0)
#1 C:\xampp\htdocs\Sigma7\system\Database\BaseConnection.php(670): CodeIgniter\Database\MySQLi\Connection->execute('INSERT INTO dia...')
#2 C:\xampp\htdocs\Sigma7\system\Database\BaseConnection.php(598): CodeIgniter\Database\BaseConnection->simpleQuery('INSERT INTO dia...')
#3 C:\xampp\htdocs\Sigma7\app\Models\DiagnosisModel.php(118): CodeIgniter\Database\BaseConnection->query('INSERT INTO dia...', Array)
#4 C:\xampp\htdocs\Sigma7\app\Controllers\Home.php(214): App\Models\DiagnosisModel->insertDiagnosis('th.bglennardyo2...', '1', 'M', '11.5', '11.5', 869.5652173913, 'C0003', 'M0001', 'I0001', 'F0004', '1@gmail.com', Object(CodeIgniter\I18n\Time))
#5 C:\xampp\htdocs\Sigma7\app\Controllers\Home.php(191): App\Controllers\Home->diagnose(Array)
#6 C:\xampp\htdocs\Sigma7\system\CodeIgniter.php(824): App\Controllers\Home->acceptForm()
#7 C:\xampp\htdocs\Sigma7\system\CodeIgniter.php(410): CodeIgniter\CodeIgniter->runController(Object(App\Controllers\Home))
#8 C:\xampp\htdocs\Sigma7\system\CodeIgniter.php(318): CodeIgniter\CodeIgniter->handleRequest(NULL, Object(Config\Cache), false)
#9 C:\xampp\htdocs\Sigma7\public\index.php(37): CodeIgniter\CodeIgniter->run()
#10 {main}
ERROR - 2021-11-24 09:03:58 --> You have an error in your SQL syntax; check the manual that corresponds to your MariaDB server version for the right syntax to use near ':name;, '1', 'M', '11.5', '11.5', '869.57', 'C0003', 'M0001', 'I0001', 'F0004...' at line 1
CRITICAL - 2021-11-24 09:03:58 --> You have an error in your SQL syntax; check the manual that corresponds to your MariaDB server version for the right syntax to use near ':name;, '1', 'M', '11.5', '11.5', '869.57', 'C0003', 'M0001', 'I0001', 'F0004...' at line 1
#0 C:\xampp\htdocs\Sigma7\system\Database\MySQLi\Connection.php(292): mysqli->query('INSERT INTO dia...', 0)
#1 C:\xampp\htdocs\Sigma7\system\Database\BaseConnection.php(670): CodeIgniter\Database\MySQLi\Connection->execute('INSERT INTO dia...')
#2 C:\xampp\htdocs\Sigma7\system\Database\BaseConnection.php(598): CodeIgniter\Database\BaseConnection->simpleQuery('INSERT INTO dia...')
#3 C:\xampp\htdocs\Sigma7\app\Models\DiagnosisModel.php(118): CodeIgniter\Database\BaseConnection->query('INSERT INTO dia...', Array)
#4 C:\xampp\htdocs\Sigma7\app\Controllers\Home.php(214): App\Models\DiagnosisModel->insertDiagnosis('th.bglennardyo2...', '1', 'M', '11.5', '11.5', '869.57', 'C0003', 'M0001', 'I0001', 'F0004', '1@gmail.com', Object(CodeIgniter\I18n\Time))
#5 C:\xampp\htdocs\Sigma7\app\Controllers\Home.php(191): App\Controllers\Home->diagnose(Array)
#6 C:\xampp\htdocs\Sigma7\system\CodeIgniter.php(824): App\Controllers\Home->acceptForm()
#7 C:\xampp\htdocs\Sigma7\system\CodeIgniter.php(410): CodeIgniter\CodeIgniter->runController(Object(App\Controllers\Home))
#8 C:\xampp\htdocs\Sigma7\system\CodeIgniter.php(318): CodeIgniter\CodeIgniter->handleRequest(NULL, Object(Config\Cache), false)
#9 C:\xampp\htdocs\Sigma7\public\index.php(37): CodeIgniter\CodeIgniter->run()
#10 {main}
CRITICAL - 2021-11-24 09:12:37 --> Cannot access offset of type string on string
#0 C:\xampp\htdocs\Sigma7\app\Controllers\Home.php(214): App\Models\DiagnosisModel->insertDiagnosis('th.bglennardyo2...', '1', 'M', '11.5', '11.5', '869.57', 'C0003', 'M0001', 'I0001', 'F0004', '1@gmail.com', Object(CodeIgniter\I18n\Time))
#1 C:\xampp\htdocs\Sigma7\app\Controllers\Home.php(191): App\Controllers\Home->diagnose(Array)
#2 C:\xampp\htdocs\Sigma7\system\CodeIgniter.php(824): App\Controllers\Home->acceptForm()
#3 C:\xampp\htdocs\Sigma7\system\CodeIgniter.php(410): CodeIgniter\CodeIgniter->runController(Object(App\Controllers\Home))
#4 C:\xampp\htdocs\Sigma7\system\CodeIgniter.php(318): CodeIgniter\CodeIgniter->handleRequest(NULL, Object(Config\Cache), false)
#5 C:\xampp\htdocs\Sigma7\public\index.php(37): CodeIgniter\CodeIgniter->run()
#6 {main}
CRITICAL - 2021-11-24 09:13:00 --> Undefined variable $name
#0 C:\xampp\htdocs\Sigma7\app\Views\diagnosis.php(73): CodeIgniter\Debug\Exceptions->errorHandler(2, 'Undefined varia...', 'C:\\xampp\\htdocs...', 73)
#1 C:\xampp\htdocs\Sigma7\system\View\View.php(214): include('C:\\xampp\\htdocs...')
#2 C:\xampp\htdocs\Sigma7\system\View\View.php(217): CodeIgniter\View\View->CodeIgniter\View\{closure}()
#3 C:\xampp\htdocs\Sigma7\system\Common.php(1097): CodeIgniter\View\View->render('diagnosis', Array, true)
#4 C:\xampp\htdocs\Sigma7\app\Controllers\Home.php(150): view('diagnosis', Array)
#5 C:\xampp\htdocs\Sigma7\app\Controllers\Home.php(218): App\Controllers\Home->diagnosisPage(Array)
#6 C:\xampp\htdocs\Sigma7\app\Controllers\Home.php(191): App\Controllers\Home->diagnose(Array)
#7 C:\xampp\htdocs\Sigma7\system\CodeIgniter.php(824): App\Controllers\Home->acceptForm()
#8 C:\xampp\htdocs\Sigma7\system\CodeIgniter.php(410): CodeIgniter\CodeIgniter->runController(Object(App\Controllers\Home))
#9 C:\xampp\htdocs\Sigma7\system\CodeIgniter.php(318): CodeIgniter\CodeIgniter->handleRequest(NULL, Object(Config\Cache), false)
#10 C:\xampp\htdocs\Sigma7\public\index.php(37): CodeIgniter\CodeIgniter->run()
#11 {main}
CRITICAL - 2021-11-24 09:13:41 --> Undefined variable $data
#0 C:\xampp\htdocs\Sigma7\app\Views\diagnosis.php(73): CodeIgniter\Debug\Exceptions->errorHandler(2, 'Undefined varia...', 'C:\\xampp\\htdocs...', 73)
#1 C:\xampp\htdocs\Sigma7\system\View\View.php(214): include('C:\\xampp\\htdocs...')
#2 C:\xampp\htdocs\Sigma7\system\View\View.php(217): CodeIgniter\View\View->CodeIgniter\View\{closure}()
#3 C:\xampp\htdocs\Sigma7\system\Common.php(1097): CodeIgniter\View\View->render('diagnosis', Array, true)
#4 C:\xampp\htdocs\Sigma7\app\Controllers\Home.php(150): view('diagnosis', Array)
#5 C:\xampp\htdocs\Sigma7\app\Controllers\Home.php(218): App\Controllers\Home->diagnosisPage(Array)
#6 C:\xampp\htdocs\Sigma7\app\Controllers\Home.php(191): App\Controllers\Home->diagnose(Array)
#7 C:\xampp\htdocs\Sigma7\system\CodeIgniter.php(824): App\Controllers\Home->acceptForm()
#8 C:\xampp\htdocs\Sigma7\system\CodeIgniter.php(410): CodeIgniter\CodeIgniter->runController(Object(App\Controllers\Home))
#9 C:\xampp\htdocs\Sigma7\system\CodeIgniter.php(318): CodeIgniter\CodeIgniter->handleRequest(NULL, Object(Config\Cache), false)
#10 C:\xampp\htdocs\Sigma7\public\index.php(37): CodeIgniter\CodeIgniter->run()
#11 {main}
CRITICAL - 2021-11-24 09:16:20 --> Undefined variable $name
#0 C:\xampp\htdocs\Sigma7\app\Views\diagnosis.php(73): CodeIgniter\Debug\Exceptions->errorHandler(2, 'Undefined varia...', 'C:\\xampp\\htdocs...', 73)
#1 C:\xampp\htdocs\Sigma7\system\View\View.php(214): include('C:\\xampp\\htdocs...')
#2 C:\xampp\htdocs\Sigma7\system\View\View.php(217): CodeIgniter\View\View->CodeIgniter\View\{closure}()
#3 C:\xampp\htdocs\Sigma7\system\Common.php(1097): CodeIgniter\View\View->render('diagnosis', Array, true)
#4 C:\xampp\htdocs\Sigma7\app\Controllers\Home.php(150): view('diagnosis', Array)
#5 C:\xampp\htdocs\Sigma7\app\Controllers\Home.php(218): App\Controllers\Home->diagnosisPage(Array)
#6 C:\xampp\htdocs\Sigma7\app\Controllers\Home.php(191): App\Controllers\Home->diagnose(Array)
#7 C:\xampp\htdocs\Sigma7\system\CodeIgniter.php(824): App\Controllers\Home->acceptForm()
#8 C:\xampp\htdocs\Sigma7\system\CodeIgniter.php(410): CodeIgniter\CodeIgniter->runController(Object(App\Controllers\Home))
#9 C:\xampp\htdocs\Sigma7\system\CodeIgniter.php(318): CodeIgniter\CodeIgniter->handleRequest(NULL, Object(Config\Cache), false)
#10 C:\xampp\htdocs\Sigma7\public\index.php(37): CodeIgniter\CodeIgniter->run()
#11 {main}
ERROR - 2021-11-24 09:25:33 --> Operand should contain 1 column(s)
CRITICAL - 2021-11-24 09:25:33 --> Operand should contain 1 column(s)
#0 C:\xampp\htdocs\Sigma7\system\Database\MySQLi\Connection.php(292): mysqli->query('INSERT INTO dia...', 0)
#1 C:\xampp\htdocs\Sigma7\system\Database\BaseConnection.php(670): CodeIgniter\Database\MySQLi\Connection->execute('INSERT INTO dia...')
#2 C:\xampp\htdocs\Sigma7\system\Database\BaseConnection.php(598): CodeIgniter\Database\BaseConnection->simpleQuery('INSERT INTO dia...')
#3 C:\xampp\htdocs\Sigma7\app\Models\DiagnosisModel.php(118): CodeIgniter\Database\BaseConnection->query('INSERT INTO dia...', Array)
#4 C:\xampp\htdocs\Sigma7\app\Controllers\Home.php(216): App\Models\DiagnosisModel->insertDiagnosis(Array)
#5 C:\xampp\htdocs\Sigma7\app\Controllers\Home.php(191): App\Controllers\Home->diagnose(Array)
#6 C:\xampp\htdocs\Sigma7\system\CodeIgniter.php(824): App\Controllers\Home->acceptForm()
#7 C:\xampp\htdocs\Sigma7\system\CodeIgniter.php(410): CodeIgniter\CodeIgniter->runController(Object(App\Controllers\Home))
#8 C:\xampp\htdocs\Sigma7\system\CodeIgniter.php(318): CodeIgniter\CodeIgniter->handleRequest(NULL, Object(Config\Cache), false)
#9 C:\xampp\htdocs\Sigma7\public\index.php(37): CodeIgniter\CodeIgniter->run()
#10 {main}
CRITICAL - 2021-11-24 09:32:54 --> Undefined variable $name
#0 C:\xampp\htdocs\Sigma7\app\Views\diagnosis.php(73): CodeIgniter\Debug\Exceptions->errorHandler(2, 'Undefined varia...', 'C:\\xampp\\htdocs...', 73)
#1 C:\xampp\htdocs\Sigma7\system\View\View.php(214): include('C:\\xampp\\htdocs...')
#2 C:\xampp\htdocs\Sigma7\system\View\View.php(217): CodeIgniter\View\View->CodeIgniter\View\{closure}()
#3 C:\xampp\htdocs\Sigma7\system\Common.php(1097): CodeIgniter\View\View->render('diagnosis', Array, true)
#4 C:\xampp\htdocs\Sigma7\app\Controllers\Home.php(150): view('diagnosis', Array)
#5 C:\xampp\htdocs\Sigma7\app\Controllers\Home.php(218): App\Controllers\Home->diagnosisPage(Array)
#6 C:\xampp\htdocs\Sigma7\app\Controllers\Home.php(191): App\Controllers\Home->diagnose(Array)
#7 C:\xampp\htdocs\Sigma7\system\CodeIgniter.php(824): App\Controllers\Home->acceptForm()
#8 C:\xampp\htdocs\Sigma7\system\CodeIgniter.php(410): CodeIgniter\CodeIgniter->runController(Object(App\Controllers\Home))
#9 C:\xampp\htdocs\Sigma7\system\CodeIgniter.php(318): CodeIgniter\CodeIgniter->handleRequest(NULL, Object(Config\Cache), false)
#10 C:\xampp\htdocs\Sigma7\public\index.php(37): CodeIgniter\CodeIgniter->run()
#11 {main}
ERROR - 2021-11-24 09:37:21 --> Operand should contain 1 column(s)
CRITICAL - 2021-11-24 09:37:21 --> Operand should contain 1 column(s)
#0 C:\xampp\htdocs\Sigma7\system\Database\MySQLi\Connection.php(292): mysqli->query('INSERT INTO dia...', 0)
#1 C:\xampp\htdocs\Sigma7\system\Database\BaseConnection.php(670): CodeIgniter\Database\MySQLi\Connection->execute('INSERT INTO dia...')
#2 C:\xampp\htdocs\Sigma7\system\Database\BaseConnection.php(598): CodeIgniter\Database\BaseConnection->simpleQuery('INSERT INTO dia...')
#3 C:\xampp\htdocs\Sigma7\app\Models\DiagnosisModel.php(118): CodeIgniter\Database\BaseConnection->query('INSERT INTO dia...', Array)
#4 C:\xampp\htdocs\Sigma7\app\Controllers\Home.php(213): App\Models\DiagnosisModel->insertDiagnosis(Array)
#5 C:\xampp\htdocs\Sigma7\app\Controllers\Home.php(188): App\Controllers\Home->diagnose(Array)
#6 C:\xampp\htdocs\Sigma7\system\CodeIgniter.php(824): App\Controllers\Home->acceptForm()
#7 C:\xampp\htdocs\Sigma7\system\CodeIgniter.php(410): CodeIgniter\CodeIgniter->runController(Object(App\Controllers\Home))
#8 C:\xampp\htdocs\Sigma7\system\CodeIgniter.php(318): CodeIgniter\CodeIgniter->handleRequest(NULL, Object(Config\Cache), false)
#9 C:\xampp\htdocs\Sigma7\public\index.php(37): CodeIgniter\CodeIgniter->run()
#10 {main}
ERROR - 2021-11-24 09:40:36 --> Operand should contain 1 column(s)
CRITICAL - 2021-11-24 09:40:36 --> Operand should contain 1 column(s)
#0 C:\xampp\htdocs\Sigma7\system\Database\MySQLi\Connection.php(292): mysqli->query('INSERT INTO dia...', 0)
#1 C:\xampp\htdocs\Sigma7\system\Database\BaseConnection.php(670): CodeIgniter\Database\MySQLi\Connection->execute('INSERT INTO dia...')
#2 C:\xampp\htdocs\Sigma7\system\Database\BaseConnection.php(598): CodeIgniter\Database\BaseConnection->simpleQuery('INSERT INTO dia...')
#3 C:\xampp\htdocs\Sigma7\app\Models\DiagnosisModel.php(116): CodeIgniter\Database\BaseConnection->query('INSERT INTO dia...', Array)
#4 C:\xampp\htdocs\Sigma7\app\Controllers\Home.php(213): App\Models\DiagnosisModel->insertDiagnosis(Array)
#5 C:\xampp\htdocs\Sigma7\app\Controllers\Home.php(188): App\Controllers\Home->diagnose(Array)
#6 C:\xampp\htdocs\Sigma7\system\CodeIgniter.php(824): App\Controllers\Home->acceptForm()
#7 C:\xampp\htdocs\Sigma7\system\CodeIgniter.php(410): CodeIgniter\CodeIgniter->runController(Object(App\Controllers\Home))
#8 C:\xampp\htdocs\Sigma7\system\CodeIgniter.php(318): CodeIgniter\CodeIgniter->handleRequest(NULL, Object(Config\Cache), false)
#9 C:\xampp\htdocs\Sigma7\public\index.php(37): CodeIgniter\CodeIgniter->run()
#10 {main}
ERROR - 2021-11-24 09:40:57 --> Operand should contain 1 column(s)
CRITICAL - 2021-11-24 09:40:57 --> Operand should contain 1 column(s)
#0 C:\xampp\htdocs\Sigma7\system\Database\MySQLi\Connection.php(292): mysqli->query('INSERT INTO dia...', 0)
#1 C:\xampp\htdocs\Sigma7\system\Database\BaseConnection.php(670): CodeIgniter\Database\MySQLi\Connection->execute('INSERT INTO dia...')
#2 C:\xampp\htdocs\Sigma7\system\Database\BaseConnection.php(598): CodeIgniter\Database\BaseConnection->simpleQuery('INSERT INTO dia...')
#3 C:\xampp\htdocs\Sigma7\app\Models\DiagnosisModel.php(116): CodeIgniter\Database\BaseConnection->query('INSERT INTO dia...', Array)
#4 C:\xampp\htdocs\Sigma7\app\Controllers\Home.php(213): App\Models\DiagnosisModel->insertDiagnosis(Array)
#5 C:\xampp\htdocs\Sigma7\app\Controllers\Home.php(188): App\Controllers\Home->diagnose(Array)
#6 C:\xampp\htdocs\Sigma7\system\CodeIgniter.php(824): App\Controllers\Home->acceptForm()
#7 C:\xampp\htdocs\Sigma7\system\CodeIgniter.php(410): CodeIgniter\CodeIgniter->runController(Object(App\Controllers\Home))
#8 C:\xampp\htdocs\Sigma7\system\CodeIgniter.php(318): CodeIgniter\CodeIgniter->handleRequest(NULL, Object(Config\Cache), false)
#9 C:\xampp\htdocs\Sigma7\public\index.php(37): CodeIgniter\CodeIgniter->run()
#10 {main}
CRITICAL - 2021-11-24 09:48:06 --> Call to undefined method App\Models\IntensityModel::getIntesityById
#0 C:\xampp\htdocs\Sigma7\app\Controllers\Home.php(199): CodeIgniter\Model->__call('getIntesityById', Array)
#1 C:\xampp\htdocs\Sigma7\app\Controllers\Home.php(188): App\Controllers\Home->diagnose(Array)
#2 C:\xampp\htdocs\Sigma7\system\CodeIgniter.php(824): App\Controllers\Home->acceptForm()
#3 C:\xampp\htdocs\Sigma7\system\CodeIgniter.php(410): CodeIgniter\CodeIgniter->runController(Object(App\Controllers\Home))
#4 C:\xampp\htdocs\Sigma7\system\CodeIgniter.php(318): CodeIgniter\CodeIgniter->handleRequest(NULL, Object(Config\Cache), false)
#5 C:\xampp\htdocs\Sigma7\public\index.php(37): CodeIgniter\CodeIgniter->run()
#6 {main}
CRITICAL - 2021-11-24 09:48:16 --> Undefined array key "days_per_week"
#0 C:\xampp\htdocs\Sigma7\app\Controllers\Home.php(211): CodeIgniter\Debug\Exceptions->errorHandler(2, 'Undefined array...', 'C:\\xampp\\htdocs...', 211)
#1 C:\xampp\htdocs\Sigma7\app\Controllers\Home.php(188): App\Controllers\Home->diagnose(Array)
#2 C:\xampp\htdocs\Sigma7\system\CodeIgniter.php(824): App\Controllers\Home->acceptForm()
#3 C:\xampp\htdocs\Sigma7\system\CodeIgniter.php(410): CodeIgniter\CodeIgniter->runController(Object(App\Controllers\Home))
#4 C:\xampp\htdocs\Sigma7\system\CodeIgniter.php(318): CodeIgniter\CodeIgniter->handleRequest(NULL, Object(Config\Cache), false)
#5 C:\xampp\htdocs\Sigma7\public\index.php(37): CodeIgniter\CodeIgniter->run()
#6 {main}
CRITICAL - 2021-11-24 09:49:55 --> Undefined array key "intensity"
#0 C:\xampp\htdocs\Sigma7\app\Models\DiagnosisModel.php(111): CodeIgniter\Debug\Exceptions->errorHandler(2, 'Undefined array...', 'C:\\xampp\\htdocs...', 111)
#1 C:\xampp\htdocs\Sigma7\app\Controllers\Home.php(219): App\Models\DiagnosisModel->insertDiagnosis(Array)
#2 C:\xampp\htdocs\Sigma7\app\Controllers\Home.php(188): App\Controllers\Home->diagnose(Array)
#3 C:\xampp\htdocs\Sigma7\system\CodeIgniter.php(824): App\Controllers\Home->acceptForm()
#4 C:\xampp\htdocs\Sigma7\system\CodeIgniter.php(410): CodeIgniter\CodeIgniter->runController(Object(App\Controllers\Home))
#5 C:\xampp\htdocs\Sigma7\system\CodeIgniter.php(318): CodeIgniter\CodeIgniter->handleRequest(NULL, Object(Config\Cache), false)
#6 C:\xampp\htdocs\Sigma7\public\index.php(37): CodeIgniter\CodeIgniter->run()
#7 {main}
CRITICAL - 2021-11-24 09:50:26 --> Undefined array key "intensity"
#0 C:\xampp\htdocs\Sigma7\app\Models\DiagnosisModel.php(111): CodeIgniter\Debug\Exceptions->errorHandler(2, 'Undefined array...', 'C:\\xampp\\htdocs...', 111)
#1 C:\xampp\htdocs\Sigma7\app\Controllers\Home.php(219): App\Models\DiagnosisModel->insertDiagnosis(Array)
#2 C:\xampp\htdocs\Sigma7\app\Controllers\Home.php(188): App\Controllers\Home->diagnose(Array)
#3 C:\xampp\htdocs\Sigma7\system\CodeIgniter.php(824): App\Controllers\Home->acceptForm()
#4 C:\xampp\htdocs\Sigma7\system\CodeIgniter.php(410): CodeIgniter\CodeIgniter->runController(Object(App\Controllers\Home))
#5 C:\xampp\htdocs\Sigma7\system\CodeIgniter.php(318): CodeIgniter\CodeIgniter->handleRequest(NULL, Object(Config\Cache), false)
#6 C:\xampp\htdocs\Sigma7\public\index.php(37): CodeIgniter\CodeIgniter->run()
#7 {main}
CRITICAL - 2021-11-24 09:51:05 --> Undefined array key "intensity"
#0 C:\xampp\htdocs\Sigma7\app\Models\DiagnosisModel.php(111): CodeIgniter\Debug\Exceptions->errorHandler(2, 'Undefined array...', 'C:\\xampp\\htdocs...', 111)
#1 C:\xampp\htdocs\Sigma7\app\Controllers\Home.php(219): App\Models\DiagnosisModel->insertDiagnosis(Array)
#2 C:\xampp\htdocs\Sigma7\app\Controllers\Home.php(188): App\Controllers\Home->diagnose(Array)
#3 C:\xampp\htdocs\Sigma7\system\CodeIgniter.php(824): App\Controllers\Home->acceptForm()
#4 C:\xampp\htdocs\Sigma7\system\CodeIgniter.php(410): CodeIgniter\CodeIgniter->runController(Object(App\Controllers\Home))
#5 C:\xampp\htdocs\Sigma7\system\CodeIgniter.php(318): CodeIgniter\CodeIgniter->handleRequest(NULL, Object(Config\Cache), false)
#6 C:\xampp\htdocs\Sigma7\public\index.php(37): CodeIgniter\CodeIgniter->run()
#7 {main}
ERROR - 2021-11-24 13:58:54 --> Duplicate entry '' for key 'PRIMARY'
CRITICAL - 2021-11-24 13:58:54 --> Duplicate entry '' for key 'PRIMARY'
#0 D:\xampp\htdocs\Sigma7\system\Database\MySQLi\Connection.php(292): mysqli->query('INSERT INTO dia...', 0)
#1 D:\xampp\htdocs\Sigma7\system\Database\BaseConnection.php(670): CodeIgniter\Database\MySQLi\Connection->execute('INSERT INTO dia...')
#2 D:\xampp\htdocs\Sigma7\system\Database\BaseConnection.php(598): CodeIgniter\Database\BaseConnection->simpleQuery('INSERT INTO dia...')
#3 D:\xampp\htdocs\Sigma7\app\Models\DiagnosisModel.php(116): CodeIgniter\Database\BaseConnection->query('INSERT INTO dia...', Array)
#4 D:\xampp\htdocs\Sigma7\app\Controllers\Home.php(218): App\Models\DiagnosisModel->insertDiagnosis(Array)
#5 D:\xampp\htdocs\Sigma7\app\Controllers\Home.php(188): App\Controllers\Home->diagnose(Array)
#6 D:\xampp\htdocs\Sigma7\system\CodeIgniter.php(824): App\Controllers\Home->acceptForm()
#7 D:\xampp\htdocs\Sigma7\system\CodeIgniter.php(410): CodeIgniter\CodeIgniter->runController(Object(App\Controllers\Home))
#8 D:\xampp\htdocs\Sigma7\system\CodeIgniter.php(318): CodeIgniter\CodeIgniter->handleRequest(NULL, Object(Config\Cache), false)
#9 D:\xampp\htdocs\Sigma7\public\index.php(37): CodeIgniter\CodeIgniter->run()
#10 {main}
ERROR - 2021-11-24 14:01:44 --> Duplicate entry '' for key 'PRIMARY'
CRITICAL - 2021-11-24 14:01:44 --> Duplicate entry '' for key 'PRIMARY'
#0 D:\xampp\htdocs\Sigma7\system\Database\MySQLi\Connection.php(292): mysqli->query('INSERT INTO dia...', 0)
#1 D:\xampp\htdocs\Sigma7\system\Database\BaseConnection.php(670): CodeIgniter\Database\MySQLi\Connection->execute('INSERT INTO dia...')
#2 D:\xampp\htdocs\Sigma7\system\Database\BaseConnection.php(598): CodeIgniter\Database\BaseConnection->simpleQuery('INSERT INTO dia...')
#3 D:\xampp\htdocs\Sigma7\app\Models\DiagnosisModel.php(116): CodeIgniter\Database\BaseConnection->query('INSERT INTO dia...', Array)
#4 D:\xampp\htdocs\Sigma7\app\Controllers\Home.php(218): App\Models\DiagnosisModel->insertDiagnosis(Array)
#5 D:\xampp\htdocs\Sigma7\app\Controllers\Home.php(188): App\Controllers\Home->diagnose(Array)
#6 D:\xampp\htdocs\Sigma7\system\CodeIgniter.php(824): App\Controllers\Home->acceptForm()
#7 D:\xampp\htdocs\Sigma7\system\CodeIgniter.php(410): CodeIgniter\CodeIgniter->runController(Object(App\Controllers\Home))
#8 D:\xampp\htdocs\Sigma7\system\CodeIgniter.php(318): CodeIgniter\CodeIgniter->handleRequest(NULL, Object(Config\Cache), false)
#9 D:\xampp\htdocs\Sigma7\public\index.php(37): CodeIgniter\CodeIgniter->run()
#10 {main}
CRITICAL - 2021-11-24 14:02:43 --> Cannot access offset of type string on string
#0 D:\xampp\htdocs\Sigma7\system\View\View.php(214): include()
#1 D:\xampp\htdocs\Sigma7\system\View\View.php(217): CodeIgniter\View\View->CodeIgniter\View\{closure}()
#2 D:\xampp\htdocs\Sigma7\system\Common.php(1097): CodeIgniter\View\View->render('diagnosis', Array, true)
#3 D:\xampp\htdocs\Sigma7\app\Controllers\Home.php(147): view('diagnosis', Array)
#4 D:\xampp\htdocs\Sigma7\app\Controllers\Home.php(222): App\Controllers\Home->diagnosisPage(Array)
#5 D:\xampp\htdocs\Sigma7\app\Controllers\Home.php(188): App\Controllers\Home->diagnose(Array)
#6 D:\xampp\htdocs\Sigma7\system\CodeIgniter.php(824): App\Controllers\Home->acceptForm()
#7 D:\xampp\htdocs\Sigma7\system\CodeIgniter.php(410): CodeIgniter\CodeIgniter->runController(Object(App\Controllers\Home))
#8 D:\xampp\htdocs\Sigma7\system\CodeIgniter.php(318): CodeIgniter\CodeIgniter->handleRequest(NULL, Object(Config\Cache), false)
#9 D:\xampp\htdocs\Sigma7\public\index.php(37): CodeIgniter\CodeIgniter->run()
#10 {main}
CRITICAL - 2021-11-24 14:03:22 --> Cannot access offset of type string on string
#0 D:\xampp\htdocs\Sigma7\system\View\View.php(214): include()
#1 D:\xampp\htdocs\Sigma7\system\View\View.php(217): CodeIgniter\View\View->CodeIgniter\View\{closure}()
#2 D:\xampp\htdocs\Sigma7\system\Common.php(1097): CodeIgniter\View\View->render('diagnosis', Array, true)
#3 D:\xampp\htdocs\Sigma7\app\Controllers\Home.php(147): view('diagnosis', Array)
#4 D:\xampp\htdocs\Sigma7\app\Controllers\Home.php(222): App\Controllers\Home->diagnosisPage(Array)
#5 D:\xampp\htdocs\Sigma7\app\Controllers\Home.php(188): App\Controllers\Home->diagnose(Array)
#6 D:\xampp\htdocs\Sigma7\system\CodeIgniter.php(824): App\Controllers\Home->acceptForm()
#7 D:\xampp\htdocs\Sigma7\system\CodeIgniter.php(410): CodeIgniter\CodeIgniter->runController(Object(App\Controllers\Home))
#8 D:\xampp\htdocs\Sigma7\system\CodeIgniter.php(318): CodeIgniter\CodeIgniter->handleRequest(NULL, Object(Config\Cache), false)
#9 D:\xampp\htdocs\Sigma7\public\index.php(37): CodeIgniter\CodeIgniter->run()
#10 {main}
CRITICAL - 2021-11-24 14:08:09 --> Array to string conversion
#0 D:\xampp\htdocs\Sigma7\app\Controllers\Home.php(188): CodeIgniter\Debug\Exceptions->errorHandler(2, 'Array to string...', 'D:\\xampp\\htdocs...', 188)
#1 D:\xampp\htdocs\Sigma7\system\CodeIgniter.php(824): App\Controllers\Home->acceptForm()
#2 D:\xampp\htdocs\Sigma7\system\CodeIgniter.php(410): CodeIgniter\CodeIgniter->runController(Object(App\Controllers\Home))
#3 D:\xampp\htdocs\Sigma7\system\CodeIgniter.php(318): CodeIgniter\CodeIgniter->handleRequest(NULL, Object(Config\Cache), false)
#4 D:\xampp\htdocs\Sigma7\public\index.php(37): CodeIgniter\CodeIgniter->run()
#5 {main}
