ERROR - 2021-11-20 05:09:30 --> Error connecting to the database: Access denied for user ''@'localhost' (using password: NO)
CRITICAL - 2021-11-20 05:09:30 --> Unable to connect to the database.
Main connection [MySQLi]: Access denied for user ''@'localhost' (using password: NO)
#0 C:\xampp\htdocs\Sigma7\system\Database\BaseConnection.php(767): CodeIgniter\Database\BaseConnection->initialize()
#1 C:\xampp\htdocs\Sigma7\app\Models\StatementModel.php(14): CodeIgniter\Database\BaseConnection->transBegin()
#2 C:\xampp\htdocs\Sigma7\app\Controllers\Home.php(69): App\Models\StatementModel->getBatch1()
#3 C:\xampp\htdocs\Sigma7\system\CodeIgniter.php(824): App\Controllers\Home->acceptBiodata()
#4 C:\xampp\htdocs\Sigma7\system\CodeIgniter.php(410): CodeIgniter\CodeIgniter->runController(Object(App\Controllers\Home))
#5 C:\xampp\htdocs\Sigma7\system\CodeIgniter.php(318): CodeIgniter\CodeIgniter->handleRequest(NULL, Object(Config\Cache), false)
#6 C:\xampp\htdocs\Sigma7\public\index.php(37): CodeIgniter\CodeIgniter->run()
#7 {main}
ERROR - 2021-11-20 05:09:41 --> Error connecting to the database: Access denied for user ''@'localhost' (using password: NO)
CRITICAL - 2021-11-20 05:09:41 --> Unable to connect to the database.
Main connection [MySQLi]: Access denied for user ''@'localhost' (using password: NO)
#0 C:\xampp\htdocs\Sigma7\system\Database\BaseConnection.php(767): CodeIgniter\Database\BaseConnection->initialize()
#1 C:\xampp\htdocs\Sigma7\app\Models\StatementModel.php(14): CodeIgniter\Database\BaseConnection->transBegin()
#2 C:\xampp\htdocs\Sigma7\app\Controllers\Home.php(69): App\Models\StatementModel->getBatch1()
#3 C:\xampp\htdocs\Sigma7\system\CodeIgniter.php(824): App\Controllers\Home->acceptBiodata()
#4 C:\xampp\htdocs\Sigma7\system\CodeIgniter.php(410): CodeIgniter\CodeIgniter->runController(Object(App\Controllers\Home))
#5 C:\xampp\htdocs\Sigma7\system\CodeIgniter.php(318): CodeIgniter\CodeIgniter->handleRequest(NULL, Object(Config\Cache), false)
#6 C:\xampp\htdocs\Sigma7\public\index.php(37): CodeIgniter\CodeIgniter->run()
#7 {main}
ERROR - 2021-11-20 05:09:52 --> Error connecting to the database: Access denied for user ''@'localhost' (using password: NO)
CRITICAL - 2021-11-20 05:09:52 --> Unable to connect to the database.
Main connection [MySQLi]: Access denied for user ''@'localhost' (using password: NO)
#0 C:\xampp\htdocs\Sigma7\system\Database\BaseConnection.php(767): CodeIgniter\Database\BaseConnection->initialize()
#1 C:\xampp\htdocs\Sigma7\app\Models\StatementModel.php(14): CodeIgniter\Database\BaseConnection->transBegin()
#2 C:\xampp\htdocs\Sigma7\app\Controllers\Home.php(69): App\Models\StatementModel->getBatch1()
#3 C:\xampp\htdocs\Sigma7\system\CodeIgniter.php(824): App\Controllers\Home->acceptBiodata()
#4 C:\xampp\htdocs\Sigma7\system\CodeIgniter.php(410): CodeIgniter\CodeIgniter->runController(Object(App\Controllers\Home))
#5 C:\xampp\htdocs\Sigma7\system\CodeIgniter.php(318): CodeIgniter\CodeIgniter->handleRequest(NULL, Object(Config\Cache), false)
#6 C:\xampp\htdocs\Sigma7\public\index.php(37): CodeIgniter\CodeIgniter->run()
#7 {main}
ERROR - 2021-11-20 05:10:40 --> Error connecting to the database: Access denied for user ''@'localhost' (using password: NO)
CRITICAL - 2021-11-20 05:10:40 --> Unable to connect to the database.
Main connection [MySQLi]: Access denied for user ''@'localhost' (using password: NO)
#0 C:\xampp\htdocs\Sigma7\system\Database\BaseConnection.php(767): CodeIgniter\Database\BaseConnection->initialize()
#1 C:\xampp\htdocs\Sigma7\app\Models\StatementModel.php(14): CodeIgniter\Database\BaseConnection->transBegin()
#2 C:\xampp\htdocs\Sigma7\app\Controllers\Home.php(69): App\Models\StatementModel->getBatch1()
#3 C:\xampp\htdocs\Sigma7\system\CodeIgniter.php(824): App\Controllers\Home->acceptBiodata()
#4 C:\xampp\htdocs\Sigma7\system\CodeIgniter.php(410): CodeIgniter\CodeIgniter->runController(Object(App\Controllers\Home))
#5 C:\xampp\htdocs\Sigma7\system\CodeIgniter.php(318): CodeIgniter\CodeIgniter->handleRequest(NULL, Object(Config\Cache), false)
#6 C:\xampp\htdocs\Sigma7\public\index.php(37): CodeIgniter\CodeIgniter->run()
#7 {main}
ERROR - 2021-11-20 05:10:45 --> Error connecting to the database: Access denied for user ''@'localhost' (using password: NO)
CRITICAL - 2021-11-20 05:10:45 --> Unable to connect to the database.
Main connection [MySQLi]: Access denied for user ''@'localhost' (using password: NO)
#0 C:\xampp\htdocs\Sigma7\system\Database\BaseConnection.php(767): CodeIgniter\Database\BaseConnection->initialize()
#1 C:\xampp\htdocs\Sigma7\app\Models\StatementModel.php(14): CodeIgniter\Database\BaseConnection->transBegin()
#2 C:\xampp\htdocs\Sigma7\app\Controllers\Home.php(69): App\Models\StatementModel->getBatch1()
#3 C:\xampp\htdocs\Sigma7\system\CodeIgniter.php(824): App\Controllers\Home->acceptBiodata()
#4 C:\xampp\htdocs\Sigma7\system\CodeIgniter.php(410): CodeIgniter\CodeIgniter->runController(Object(App\Controllers\Home))
#5 C:\xampp\htdocs\Sigma7\system\CodeIgniter.php(318): CodeIgniter\CodeIgniter->handleRequest(NULL, Object(Config\Cache), false)
#6 C:\xampp\htdocs\Sigma7\public\index.php(37): CodeIgniter\CodeIgniter->run()
#7 {main}
ERROR - 2021-11-20 09:07:58 --> Error connecting to the database: Access denied for user ''@'localhost' (using password: NO)
CRITICAL - 2021-11-20 09:07:58 --> Unable to connect to the database.
Main connection [MySQLi]: Access denied for user ''@'localhost' (using password: NO)
#0 C:\xampp\htdocs\Sigma7\system\Database\BaseConnection.php(767): CodeIgniter\Database\BaseConnection->initialize()
#1 C:\xampp\htdocs\Sigma7\app\Models\StatementModel.php(14): CodeIgniter\Database\BaseConnection->transBegin()
#2 C:\xampp\htdocs\Sigma7\app\Controllers\Home.php(69): App\Models\StatementModel->getBatch1()
#3 C:\xampp\htdocs\Sigma7\system\CodeIgniter.php(824): App\Controllers\Home->acceptBiodata()
#4 C:\xampp\htdocs\Sigma7\system\CodeIgniter.php(410): CodeIgniter\CodeIgniter->runController(Object(App\Controllers\Home))
#5 C:\xampp\htdocs\Sigma7\system\CodeIgniter.php(318): CodeIgniter\CodeIgniter->handleRequest(NULL, Object(Config\Cache), false)
#6 C:\xampp\htdocs\Sigma7\public\index.php(37): CodeIgniter\CodeIgniter->run()
#7 {main}
CRITICAL - 2021-11-20 09:08:00 --> Undefined variable $validation
#0 C:\xampp\htdocs\Sigma7\app\Views\index.php(119): CodeIgniter\Debug\Exceptions->errorHandler(2, 'Undefined varia...', 'C:\\xampp\\htdocs...', 119)
#1 C:\xampp\htdocs\Sigma7\system\View\View.php(214): include('C:\\xampp\\htdocs...')
#2 C:\xampp\htdocs\Sigma7\system\View\View.php(217): CodeIgniter\View\View->CodeIgniter\View\{closure}()
#3 C:\xampp\htdocs\Sigma7\system\Common.php(1097): CodeIgniter\View\View->render('index', Array, true)
#4 C:\xampp\htdocs\Sigma7\app\Controllers\Home.php(23): view('index')
#5 C:\xampp\htdocs\Sigma7\system\CodeIgniter.php(824): App\Controllers\Home->index()
#6 C:\xampp\htdocs\Sigma7\system\CodeIgniter.php(410): CodeIgniter\CodeIgniter->runController(Object(App\Controllers\Home))
#7 C:\xampp\htdocs\Sigma7\system\CodeIgniter.php(318): CodeIgniter\CodeIgniter->handleRequest(NULL, Object(Config\Cache), false)
#8 C:\xampp\htdocs\Sigma7\public\index.php(37): CodeIgniter\CodeIgniter->run()
#9 {main}
CRITICAL - 2021-11-20 09:10:56 --> Undefined variable $validation
#0 C:\xampp\htdocs\Sigma7\app\Views\index.php(119): CodeIgniter\Debug\Exceptions->errorHandler(2, 'Undefined varia...', 'C:\\xampp\\htdocs...', 119)
#1 C:\xampp\htdocs\Sigma7\system\View\View.php(214): include('C:\\xampp\\htdocs...')
#2 C:\xampp\htdocs\Sigma7\system\View\View.php(217): CodeIgniter\View\View->CodeIgniter\View\{closure}()
#3 C:\xampp\htdocs\Sigma7\system\Common.php(1097): CodeIgniter\View\View->render('index', Array, true)
#4 C:\xampp\htdocs\Sigma7\app\Controllers\Home.php(23): view('index')
#5 C:\xampp\htdocs\Sigma7\system\CodeIgniter.php(824): App\Controllers\Home->index()
#6 C:\xampp\htdocs\Sigma7\system\CodeIgniter.php(410): CodeIgniter\CodeIgniter->runController(Object(App\Controllers\Home))
#7 C:\xampp\htdocs\Sigma7\system\CodeIgniter.php(318): CodeIgniter\CodeIgniter->handleRequest(NULL, Object(Config\Cache), false)
#8 C:\xampp\htdocs\Sigma7\public\index.php(37): CodeIgniter\CodeIgniter->run()
#9 {main}
CRITICAL - 2021-11-20 09:11:03 --> Undefined variable $validation
#0 C:\xampp\htdocs\Sigma7\app\Views\index.php(119): CodeIgniter\Debug\Exceptions->errorHandler(2, 'Undefined varia...', 'C:\\xampp\\htdocs...', 119)
#1 C:\xampp\htdocs\Sigma7\system\View\View.php(214): include('C:\\xampp\\htdocs...')
#2 C:\xampp\htdocs\Sigma7\system\View\View.php(217): CodeIgniter\View\View->CodeIgniter\View\{closure}()
#3 C:\xampp\htdocs\Sigma7\system\Common.php(1097): CodeIgniter\View\View->render('index', Array, true)
#4 C:\xampp\htdocs\Sigma7\app\Controllers\Home.php(23): view('index')
#5 C:\xampp\htdocs\Sigma7\system\CodeIgniter.php(824): App\Controllers\Home->index()
#6 C:\xampp\htdocs\Sigma7\system\CodeIgniter.php(410): CodeIgniter\CodeIgniter->runController(Object(App\Controllers\Home))
#7 C:\xampp\htdocs\Sigma7\system\CodeIgniter.php(318): CodeIgniter\CodeIgniter->handleRequest(NULL, Object(Config\Cache), false)
#8 C:\xampp\htdocs\Sigma7\public\index.php(37): CodeIgniter\CodeIgniter->run()
#9 {main}
CRITICAL - 2021-11-20 09:11:26 --> Undefined variable $validation
#0 C:\xampp\htdocs\Sigma7\app\Views\index.php(119): CodeIgniter\Debug\Exceptions->errorHandler(2, 'Undefined varia...', 'C:\\xampp\\htdocs...', 119)
#1 C:\xampp\htdocs\Sigma7\system\View\View.php(214): include('C:\\xampp\\htdocs...')
#2 C:\xampp\htdocs\Sigma7\system\View\View.php(217): CodeIgniter\View\View->CodeIgniter\View\{closure}()
#3 C:\xampp\htdocs\Sigma7\system\Common.php(1097): CodeIgniter\View\View->render('index', Array, true)
#4 C:\xampp\htdocs\Sigma7\app\Controllers\Home.php(23): view('index')
#5 C:\xampp\htdocs\Sigma7\system\CodeIgniter.php(824): App\Controllers\Home->index()
#6 C:\xampp\htdocs\Sigma7\system\CodeIgniter.php(410): CodeIgniter\CodeIgniter->runController(Object(App\Controllers\Home))
#7 C:\xampp\htdocs\Sigma7\system\CodeIgniter.php(318): CodeIgniter\CodeIgniter->handleRequest(NULL, Object(Config\Cache), false)
#8 C:\xampp\htdocs\Sigma7\public\index.php(37): CodeIgniter\CodeIgniter->run()
#9 {main}
CRITICAL - 2021-11-20 09:11:48 --> Undefined variable $validation
#0 C:\xampp\htdocs\Sigma7\app\Views\index.php(119): CodeIgniter\Debug\Exceptions->errorHandler(2, 'Undefined varia...', 'C:\\xampp\\htdocs...', 119)
#1 C:\xampp\htdocs\Sigma7\system\View\View.php(214): include('C:\\xampp\\htdocs...')
#2 C:\xampp\htdocs\Sigma7\system\View\View.php(217): CodeIgniter\View\View->CodeIgniter\View\{closure}()
#3 C:\xampp\htdocs\Sigma7\system\Common.php(1097): CodeIgniter\View\View->render('index', Array, true)
#4 C:\xampp\htdocs\Sigma7\app\Controllers\Home.php(23): view('index')
#5 C:\xampp\htdocs\Sigma7\system\CodeIgniter.php(824): App\Controllers\Home->index()
#6 C:\xampp\htdocs\Sigma7\system\CodeIgniter.php(410): CodeIgniter\CodeIgniter->runController(Object(App\Controllers\Home))
#7 C:\xampp\htdocs\Sigma7\system\CodeIgniter.php(318): CodeIgniter\CodeIgniter->handleRequest(NULL, Object(Config\Cache), false)
#8 C:\xampp\htdocs\Sigma7\public\index.php(37): CodeIgniter\CodeIgniter->run()
#9 {main}
CRITICAL - 2021-11-20 09:11:54 --> Undefined variable $validation
#0 C:\xampp\htdocs\Sigma7\app\Views\index.php(119): CodeIgniter\Debug\Exceptions->errorHandler(2, 'Undefined varia...', 'C:\\xampp\\htdocs...', 119)
#1 C:\xampp\htdocs\Sigma7\system\View\View.php(214): include('C:\\xampp\\htdocs...')
#2 C:\xampp\htdocs\Sigma7\system\View\View.php(217): CodeIgniter\View\View->CodeIgniter\View\{closure}()
#3 C:\xampp\htdocs\Sigma7\system\Common.php(1097): CodeIgniter\View\View->render('index', Array, true)
#4 C:\xampp\htdocs\Sigma7\app\Controllers\Home.php(23): view('index')
#5 C:\xampp\htdocs\Sigma7\system\CodeIgniter.php(824): App\Controllers\Home->index()
#6 C:\xampp\htdocs\Sigma7\system\CodeIgniter.php(410): CodeIgniter\CodeIgniter->runController(Object(App\Controllers\Home))
#7 C:\xampp\htdocs\Sigma7\system\CodeIgniter.php(318): CodeIgniter\CodeIgniter->handleRequest(NULL, Object(Config\Cache), false)
#8 C:\xampp\htdocs\Sigma7\public\index.php(37): CodeIgniter\CodeIgniter->run()
#9 {main}
CRITICAL - 2021-11-20 09:11:58 --> Undefined variable $validation
#0 C:\xampp\htdocs\Sigma7\app\Views\index.php(119): CodeIgniter\Debug\Exceptions->errorHandler(2, 'Undefined varia...', 'C:\\xampp\\htdocs...', 119)
#1 C:\xampp\htdocs\Sigma7\system\View\View.php(214): include('C:\\xampp\\htdocs...')
#2 C:\xampp\htdocs\Sigma7\system\View\View.php(217): CodeIgniter\View\View->CodeIgniter\View\{closure}()
#3 C:\xampp\htdocs\Sigma7\system\Common.php(1097): CodeIgniter\View\View->render('index', Array, true)
#4 C:\xampp\htdocs\Sigma7\app\Controllers\Home.php(23): view('index')
#5 C:\xampp\htdocs\Sigma7\system\CodeIgniter.php(824): App\Controllers\Home->index()
#6 C:\xampp\htdocs\Sigma7\system\CodeIgniter.php(410): CodeIgniter\CodeIgniter->runController(Object(App\Controllers\Home))
#7 C:\xampp\htdocs\Sigma7\system\CodeIgniter.php(318): CodeIgniter\CodeIgniter->handleRequest(NULL, Object(Config\Cache), false)
#8 C:\xampp\htdocs\Sigma7\public\index.php(37): CodeIgniter\CodeIgniter->run()
#9 {main}
CRITICAL - 2021-11-20 09:12:02 --> Undefined variable $validation
#0 C:\xampp\htdocs\Sigma7\app\Views\index.php(119): CodeIgniter\Debug\Exceptions->errorHandler(2, 'Undefined varia...', 'C:\\xampp\\htdocs...', 119)
#1 C:\xampp\htdocs\Sigma7\system\View\View.php(214): include('C:\\xampp\\htdocs...')
#2 C:\xampp\htdocs\Sigma7\system\View\View.php(217): CodeIgniter\View\View->CodeIgniter\View\{closure}()
#3 C:\xampp\htdocs\Sigma7\system\Common.php(1097): CodeIgniter\View\View->render('index', Array, true)
#4 C:\xampp\htdocs\Sigma7\app\Controllers\Home.php(23): view('index')
#5 C:\xampp\htdocs\Sigma7\system\CodeIgniter.php(824): App\Controllers\Home->index()
#6 C:\xampp\htdocs\Sigma7\system\CodeIgniter.php(410): CodeIgniter\CodeIgniter->runController(Object(App\Controllers\Home))
#7 C:\xampp\htdocs\Sigma7\system\CodeIgniter.php(318): CodeIgniter\CodeIgniter->handleRequest(NULL, Object(Config\Cache), false)
#8 C:\xampp\htdocs\Sigma7\public\index.php(37): CodeIgniter\CodeIgniter->run()
#9 {main}
CRITICAL - 2021-11-20 09:12:49 --> Undefined variable $validation
#0 C:\xampp\htdocs\Sigma7\app\Views\index.php(119): CodeIgniter\Debug\Exceptions->errorHandler(2, 'Undefined varia...', 'C:\\xampp\\htdocs...', 119)
#1 C:\xampp\htdocs\Sigma7\system\View\View.php(214): include('C:\\xampp\\htdocs...')
#2 C:\xampp\htdocs\Sigma7\system\View\View.php(217): CodeIgniter\View\View->CodeIgniter\View\{closure}()
#3 C:\xampp\htdocs\Sigma7\system\Common.php(1097): CodeIgniter\View\View->render('index', Array, true)
#4 C:\xampp\htdocs\Sigma7\app\Controllers\Home.php(23): view('index')
#5 C:\xampp\htdocs\Sigma7\system\CodeIgniter.php(824): App\Controllers\Home->index()
#6 C:\xampp\htdocs\Sigma7\system\CodeIgniter.php(410): CodeIgniter\CodeIgniter->runController(Object(App\Controllers\Home))
#7 C:\xampp\htdocs\Sigma7\system\CodeIgniter.php(318): CodeIgniter\CodeIgniter->handleRequest(NULL, Object(Config\Cache), false)
#8 C:\xampp\htdocs\Sigma7\public\index.php(37): CodeIgniter\CodeIgniter->run()
#9 {main}
ERROR - 2021-11-20 09:13:36 --> Error connecting to the database: Access denied for user ''@'localhost' (using password: NO)
CRITICAL - 2021-11-20 09:13:36 --> Unable to connect to the database.
Main connection [MySQLi]: Access denied for user ''@'localhost' (using password: NO)
#0 C:\xampp\htdocs\Sigma7\system\Database\BaseConnection.php(767): CodeIgniter\Database\BaseConnection->initialize()
#1 C:\xampp\htdocs\Sigma7\app\Models\StatementModel.php(14): CodeIgniter\Database\BaseConnection->transBegin()
#2 C:\xampp\htdocs\Sigma7\app\Controllers\Home.php(69): App\Models\StatementModel->getBatch1()
#3 C:\xampp\htdocs\Sigma7\system\CodeIgniter.php(824): App\Controllers\Home->acceptBiodata()
#4 C:\xampp\htdocs\Sigma7\system\CodeIgniter.php(410): CodeIgniter\CodeIgniter->runController(Object(App\Controllers\Home))
#5 C:\xampp\htdocs\Sigma7\system\CodeIgniter.php(318): CodeIgniter\CodeIgniter->handleRequest(NULL, Object(Config\Cache), false)
#6 C:\xampp\htdocs\Sigma7\public\index.php(37): CodeIgniter\CodeIgniter->run()
#7 {main}
CRITICAL - 2021-11-20 09:15:45 --> view(): Argument #2 ($data) must be of type array, string given, called in C:\xampp\htdocs\Sigma7\app\Controllers\Home.php on line 42
#0 C:\xampp\htdocs\Sigma7\app\Controllers\Home.php(42): view('batch1', '2')
#1 C:\xampp\htdocs\Sigma7\system\CodeIgniter.php(824): App\Controllers\Home->batch1Page('2')
#2 C:\xampp\htdocs\Sigma7\system\CodeIgniter.php(410): CodeIgniter\CodeIgniter->runController(Object(App\Controllers\Home))
#3 C:\xampp\htdocs\Sigma7\system\CodeIgniter.php(318): CodeIgniter\CodeIgniter->handleRequest(NULL, Object(Config\Cache), false)
#4 C:\xampp\htdocs\Sigma7\public\index.php(37): CodeIgniter\CodeIgniter->run()
#5 {main}
CRITICAL - 2021-11-20 09:15:52 --> Too few arguments to function App\Controllers\Home::batch1Page(), 0 passed in C:\xampp\htdocs\Sigma7\system\CodeIgniter.php on line 824 and exactly 1 expected
#0 C:\xampp\htdocs\Sigma7\system\CodeIgniter.php(824): App\Controllers\Home->batch1Page()
#1 C:\xampp\htdocs\Sigma7\system\CodeIgniter.php(410): CodeIgniter\CodeIgniter->runController(Object(App\Controllers\Home))
#2 C:\xampp\htdocs\Sigma7\system\CodeIgniter.php(318): CodeIgniter\CodeIgniter->handleRequest(NULL, Object(Config\Cache), false)
#3 C:\xampp\htdocs\Sigma7\public\index.php(37): CodeIgniter\CodeIgniter->run()
#4 {main}
CRITICAL - 2021-11-20 09:39:03 --> syntax error, unexpected token "=", expecting "]"
#0 C:\xampp\htdocs\Sigma7\system\Autoloader\Autoloader.php(241): CodeIgniter\Autoloader\Autoloader->includeFile('C:\\xampp\\htdocs...')
#1 C:\xampp\htdocs\Sigma7\system\Autoloader\Autoloader.php(219): CodeIgniter\Autoloader\Autoloader->loadInNamespace('App\\Controllers...')
#2 C:\xampp\htdocs\Sigma7\app\Controllers\Home.php(5): CodeIgniter\Autoloader\Autoloader->loadClass('App\\Controllers...')
#3 C:\xampp\htdocs\Sigma7\system\Router\Router.php(519): include_once('C:\\xampp\\htdocs...')
#4 C:\xampp\htdocs\Sigma7\system\Router\Router.php(176): CodeIgniter\Router\Router->autoRoute('Home/indexPage')
#5 C:\xampp\htdocs\Sigma7\system\CodeIgniter.php(718): CodeIgniter\Router\Router->handle('Home/indexPage')
#6 C:\xampp\htdocs\Sigma7\system\CodeIgniter.php(359): CodeIgniter\CodeIgniter->tryToRouteIt(Object(CodeIgniter\Router\RouteCollection))
#7 C:\xampp\htdocs\Sigma7\system\CodeIgniter.php(318): CodeIgniter\CodeIgniter->handleRequest(NULL, Object(Config\Cache), false)
#8 C:\xampp\htdocs\Sigma7\public\index.php(37): CodeIgniter\CodeIgniter->run()
#9 {main}
CRITICAL - 2021-11-20 09:39:10 --> syntax error, unexpected token "=", expecting "]"
#0 C:\xampp\htdocs\Sigma7\system\Autoloader\Autoloader.php(241): CodeIgniter\Autoloader\Autoloader->includeFile('C:\\xampp\\htdocs...')
#1 C:\xampp\htdocs\Sigma7\system\Autoloader\Autoloader.php(219): CodeIgniter\Autoloader\Autoloader->loadInNamespace('App\\Controllers...')
#2 C:\xampp\htdocs\Sigma7\app\Controllers\Home.php(5): CodeIgniter\Autoloader\Autoloader->loadClass('App\\Controllers...')
#3 C:\xampp\htdocs\Sigma7\system\Router\Router.php(519): include_once('C:\\xampp\\htdocs...')
#4 C:\xampp\htdocs\Sigma7\system\Router\Router.php(176): CodeIgniter\Router\Router->autoRoute('Home/batch1Page')
#5 C:\xampp\htdocs\Sigma7\system\CodeIgniter.php(718): CodeIgniter\Router\Router->handle('Home/batch1Page')
#6 C:\xampp\htdocs\Sigma7\system\CodeIgniter.php(359): CodeIgniter\CodeIgniter->tryToRouteIt(Object(CodeIgniter\Router\RouteCollection))
#7 C:\xampp\htdocs\Sigma7\system\CodeIgniter.php(318): CodeIgniter\CodeIgniter->handleRequest(NULL, Object(Config\Cache), false)
#8 C:\xampp\htdocs\Sigma7\public\index.php(37): CodeIgniter\CodeIgniter->run()
#9 {main}
CRITICAL - 2021-11-20 09:39:14 --> syntax error, unexpected token "=", expecting "]"
#0 C:\xampp\htdocs\Sigma7\system\Autoloader\Autoloader.php(241): CodeIgniter\Autoloader\Autoloader->includeFile('C:\\xampp\\htdocs...')
#1 C:\xampp\htdocs\Sigma7\system\Autoloader\Autoloader.php(219): CodeIgniter\Autoloader\Autoloader->loadInNamespace('App\\Controllers...')
#2 C:\xampp\htdocs\Sigma7\app\Controllers\Home.php(5): CodeIgniter\Autoloader\Autoloader->loadClass('App\\Controllers...')
#3 C:\xampp\htdocs\Sigma7\system\Router\Router.php(519): include_once('C:\\xampp\\htdocs...')
#4 C:\xampp\htdocs\Sigma7\system\Router\Router.php(176): CodeIgniter\Router\Router->autoRoute('Home/batch1Page...')
#5 C:\xampp\htdocs\Sigma7\system\CodeIgniter.php(718): CodeIgniter\Router\Router->handle('Home/batch1Page...')
#6 C:\xampp\htdocs\Sigma7\system\CodeIgniter.php(359): CodeIgniter\CodeIgniter->tryToRouteIt(Object(CodeIgniter\Router\RouteCollection))
#7 C:\xampp\htdocs\Sigma7\system\CodeIgniter.php(318): CodeIgniter\CodeIgniter->handleRequest(NULL, Object(Config\Cache), false)
#8 C:\xampp\htdocs\Sigma7\public\index.php(37): CodeIgniter\CodeIgniter->run()
#9 {main}
CRITICAL - 2021-11-20 09:39:15 --> syntax error, unexpected token "=", expecting "]"
#0 C:\xampp\htdocs\Sigma7\system\Autoloader\Autoloader.php(241): CodeIgniter\Autoloader\Autoloader->includeFile('C:\\xampp\\htdocs...')
#1 C:\xampp\htdocs\Sigma7\system\Autoloader\Autoloader.php(219): CodeIgniter\Autoloader\Autoloader->loadInNamespace('App\\Controllers...')
#2 C:\xampp\htdocs\Sigma7\app\Controllers\Home.php(5): CodeIgniter\Autoloader\Autoloader->loadClass('App\\Controllers...')
#3 C:\xampp\htdocs\Sigma7\system\Router\Router.php(519): include_once('C:\\xampp\\htdocs...')
#4 C:\xampp\htdocs\Sigma7\system\Router\Router.php(176): CodeIgniter\Router\Router->autoRoute('Home/batch1/pag...')
#5 C:\xampp\htdocs\Sigma7\system\CodeIgniter.php(718): CodeIgniter\Router\Router->handle('Home/batch1/pag...')
#6 C:\xampp\htdocs\Sigma7\system\CodeIgniter.php(359): CodeIgniter\CodeIgniter->tryToRouteIt(Object(CodeIgniter\Router\RouteCollection))
#7 C:\xampp\htdocs\Sigma7\system\CodeIgniter.php(318): CodeIgniter\CodeIgniter->handleRequest(NULL, Object(Config\Cache), false)
#8 C:\xampp\htdocs\Sigma7\public\index.php(37): CodeIgniter\CodeIgniter->run()
#9 {main}
CRITICAL - 2021-11-20 09:39:29 --> syntax error, unexpected token "=", expecting "]"
#0 C:\xampp\htdocs\Sigma7\system\Autoloader\Autoloader.php(241): CodeIgniter\Autoloader\Autoloader->includeFile('C:\\xampp\\htdocs...')
#1 C:\xampp\htdocs\Sigma7\system\Autoloader\Autoloader.php(219): CodeIgniter\Autoloader\Autoloader->loadInNamespace('App\\Controllers...')
#2 C:\xampp\htdocs\Sigma7\app\Controllers\Home.php(5): CodeIgniter\Autoloader\Autoloader->loadClass('App\\Controllers...')
#3 C:\xampp\htdocs\Sigma7\system\Autoloader\Autoloader.php(264): include_once('C:\\xampp\\htdocs...')
#4 C:\xampp\htdocs\Sigma7\system\Autoloader\Autoloader.php(241): CodeIgniter\Autoloader\Autoloader->includeFile('C:\\xampp\\htdocs...')
#5 C:\xampp\htdocs\Sigma7\system\Autoloader\Autoloader.php(219): CodeIgniter\Autoloader\Autoloader->loadInNamespace('App\\Controllers...')
#6 [internal function]: CodeIgniter\Autoloader\Autoloader->loadClass('App\\Controllers...')
#7 C:\xampp\htdocs\Sigma7\system\CodeIgniter.php(789): class_exists('\\App\\Controller...', true)
#8 C:\xampp\htdocs\Sigma7\system\CodeIgniter.php(397): CodeIgniter\CodeIgniter->startController()
#9 C:\xampp\htdocs\Sigma7\system\CodeIgniter.php(318): CodeIgniter\CodeIgniter->handleRequest(NULL, Object(Config\Cache), false)
#10 C:\xampp\htdocs\Sigma7\public\index.php(37): CodeIgniter\CodeIgniter->run()
#11 {main}
CRITICAL - 2021-11-20 09:39:33 --> syntax error, unexpected token "=", expecting "]"
#0 C:\xampp\htdocs\Sigma7\system\Autoloader\Autoloader.php(241): CodeIgniter\Autoloader\Autoloader->includeFile('C:\\xampp\\htdocs...')
#1 C:\xampp\htdocs\Sigma7\system\Autoloader\Autoloader.php(219): CodeIgniter\Autoloader\Autoloader->loadInNamespace('App\\Controllers...')
#2 C:\xampp\htdocs\Sigma7\app\Controllers\Home.php(5): CodeIgniter\Autoloader\Autoloader->loadClass('App\\Controllers...')
#3 C:\xampp\htdocs\Sigma7\system\Autoloader\Autoloader.php(264): include_once('C:\\xampp\\htdocs...')
#4 C:\xampp\htdocs\Sigma7\system\Autoloader\Autoloader.php(241): CodeIgniter\Autoloader\Autoloader->includeFile('C:\\xampp\\htdocs...')
#5 C:\xampp\htdocs\Sigma7\system\Autoloader\Autoloader.php(219): CodeIgniter\Autoloader\Autoloader->loadInNamespace('App\\Controllers...')
#6 [internal function]: CodeIgniter\Autoloader\Autoloader->loadClass('App\\Controllers...')
#7 C:\xampp\htdocs\Sigma7\system\CodeIgniter.php(789): class_exists('\\App\\Controller...', true)
#8 C:\xampp\htdocs\Sigma7\system\CodeIgniter.php(397): CodeIgniter\CodeIgniter->startController()
#9 C:\xampp\htdocs\Sigma7\system\CodeIgniter.php(318): CodeIgniter\CodeIgniter->handleRequest(NULL, Object(Config\Cache), false)
#10 C:\xampp\htdocs\Sigma7\public\index.php(37): CodeIgniter\CodeIgniter->run()
#11 {main}
CRITICAL - 2021-11-20 09:39:33 --> syntax error, unexpected token "=", expecting "]"
#0 C:\xampp\htdocs\Sigma7\system\Autoloader\Autoloader.php(241): CodeIgniter\Autoloader\Autoloader->includeFile('C:\\xampp\\htdocs...')
#1 C:\xampp\htdocs\Sigma7\system\Autoloader\Autoloader.php(219): CodeIgniter\Autoloader\Autoloader->loadInNamespace('App\\Controllers...')
#2 C:\xampp\htdocs\Sigma7\app\Controllers\Home.php(5): CodeIgniter\Autoloader\Autoloader->loadClass('App\\Controllers...')
#3 C:\xampp\htdocs\Sigma7\system\Router\Router.php(519): include_once('C:\\xampp\\htdocs...')
#4 C:\xampp\htdocs\Sigma7\system\Router\Router.php(176): CodeIgniter\Router\Router->autoRoute('Home/index')
#5 C:\xampp\htdocs\Sigma7\system\CodeIgniter.php(718): CodeIgniter\Router\Router->handle('Home/index')
#6 C:\xampp\htdocs\Sigma7\system\CodeIgniter.php(359): CodeIgniter\CodeIgniter->tryToRouteIt(Object(CodeIgniter\Router\RouteCollection))
#7 C:\xampp\htdocs\Sigma7\system\CodeIgniter.php(318): CodeIgniter\CodeIgniter->handleRequest(NULL, Object(Config\Cache), false)
#8 C:\xampp\htdocs\Sigma7\public\index.php(37): CodeIgniter\CodeIgniter->run()
#9 {main}
CRITICAL - 2021-11-20 09:39:33 --> syntax error, unexpected token "=", expecting "]"
#0 C:\xampp\htdocs\Sigma7\system\Autoloader\Autoloader.php(241): CodeIgniter\Autoloader\Autoloader->includeFile('C:\\xampp\\htdocs...')
#1 C:\xampp\htdocs\Sigma7\system\Autoloader\Autoloader.php(219): CodeIgniter\Autoloader\Autoloader->loadInNamespace('App\\Controllers...')
#2 C:\xampp\htdocs\Sigma7\app\Controllers\Home.php(5): CodeIgniter\Autoloader\Autoloader->loadClass('App\\Controllers...')
#3 C:\xampp\htdocs\Sigma7\system\Router\Router.php(519): include_once('C:\\xampp\\htdocs...')
#4 C:\xampp\htdocs\Sigma7\system\Router\Router.php(176): CodeIgniter\Router\Router->autoRoute('Home/aboutPage')
#5 C:\xampp\htdocs\Sigma7\system\CodeIgniter.php(718): CodeIgniter\Router\Router->handle('Home/aboutPage')
#6 C:\xampp\htdocs\Sigma7\system\CodeIgniter.php(359): CodeIgniter\CodeIgniter->tryToRouteIt(Object(CodeIgniter\Router\RouteCollection))
#7 C:\xampp\htdocs\Sigma7\system\CodeIgniter.php(318): CodeIgniter\CodeIgniter->handleRequest(NULL, Object(Config\Cache), false)
#8 C:\xampp\htdocs\Sigma7\public\index.php(37): CodeIgniter\CodeIgniter->run()
#9 {main}
CRITICAL - 2021-11-20 09:39:51 --> syntax error, unexpected token "=", expecting "]"
#0 C:\xampp\htdocs\Sigma7\system\Autoloader\Autoloader.php(241): CodeIgniter\Autoloader\Autoloader->includeFile('C:\\xampp\\htdocs...')
#1 C:\xampp\htdocs\Sigma7\system\Autoloader\Autoloader.php(219): CodeIgniter\Autoloader\Autoloader->loadInNamespace('App\\Controllers...')
#2 C:\xampp\htdocs\Sigma7\app\Controllers\Home.php(5): CodeIgniter\Autoloader\Autoloader->loadClass('App\\Controllers...')
#3 C:\xampp\htdocs\Sigma7\system\Router\Router.php(519): include_once('C:\\xampp\\htdocs...')
#4 C:\xampp\htdocs\Sigma7\system\Router\Router.php(176): CodeIgniter\Router\Router->autoRoute('Home/batch1Page')
#5 C:\xampp\htdocs\Sigma7\system\CodeIgniter.php(718): CodeIgniter\Router\Router->handle('Home/batch1Page')
#6 C:\xampp\htdocs\Sigma7\system\CodeIgniter.php(359): CodeIgniter\CodeIgniter->tryToRouteIt(Object(CodeIgniter\Router\RouteCollection))
#7 C:\xampp\htdocs\Sigma7\system\CodeIgniter.php(318): CodeIgniter\CodeIgniter->handleRequest(NULL, Object(Config\Cache), false)
#8 C:\xampp\htdocs\Sigma7\public\index.php(37): CodeIgniter\CodeIgniter->run()
#9 {main}
CRITICAL - 2021-11-20 09:39:53 --> syntax error, unexpected token "=", expecting "]"
#0 C:\xampp\htdocs\Sigma7\system\Autoloader\Autoloader.php(241): CodeIgniter\Autoloader\Autoloader->includeFile('C:\\xampp\\htdocs...')
#1 C:\xampp\htdocs\Sigma7\system\Autoloader\Autoloader.php(219): CodeIgniter\Autoloader\Autoloader->loadInNamespace('App\\Controllers...')
#2 C:\xampp\htdocs\Sigma7\app\Controllers\Home.php(5): CodeIgniter\Autoloader\Autoloader->loadClass('App\\Controllers...')
#3 C:\xampp\htdocs\Sigma7\system\Router\Router.php(519): include_once('C:\\xampp\\htdocs...')
#4 C:\xampp\htdocs\Sigma7\system\Router\Router.php(176): CodeIgniter\Router\Router->autoRoute('Home/batch1Page')
#5 C:\xampp\htdocs\Sigma7\system\CodeIgniter.php(718): CodeIgniter\Router\Router->handle('Home/batch1Page')
#6 C:\xampp\htdocs\Sigma7\system\CodeIgniter.php(359): CodeIgniter\CodeIgniter->tryToRouteIt(Object(CodeIgniter\Router\RouteCollection))
#7 C:\xampp\htdocs\Sigma7\system\CodeIgniter.php(318): CodeIgniter\CodeIgniter->handleRequest(NULL, Object(Config\Cache), false)
#8 C:\xampp\htdocs\Sigma7\public\index.php(37): CodeIgniter\CodeIgniter->run()
#9 {main}
CRITICAL - 2021-11-20 09:39:56 --> syntax error, unexpected token "=", expecting "]"
#0 C:\xampp\htdocs\Sigma7\system\Autoloader\Autoloader.php(241): CodeIgniter\Autoloader\Autoloader->includeFile('C:\\xampp\\htdocs...')
#1 C:\xampp\htdocs\Sigma7\system\Autoloader\Autoloader.php(219): CodeIgniter\Autoloader\Autoloader->loadInNamespace('App\\Controllers...')
#2 C:\xampp\htdocs\Sigma7\app\Controllers\Home.php(5): CodeIgniter\Autoloader\Autoloader->loadClass('App\\Controllers...')
#3 C:\xampp\htdocs\Sigma7\system\Router\Router.php(519): include_once('C:\\xampp\\htdocs...')
#4 C:\xampp\htdocs\Sigma7\system\Router\Router.php(176): CodeIgniter\Router\Router->autoRoute('Home/batch1Page')
#5 C:\xampp\htdocs\Sigma7\system\CodeIgniter.php(718): CodeIgniter\Router\Router->handle('Home/batch1Page')
#6 C:\xampp\htdocs\Sigma7\system\CodeIgniter.php(359): CodeIgniter\CodeIgniter->tryToRouteIt(Object(CodeIgniter\Router\RouteCollection))
#7 C:\xampp\htdocs\Sigma7\system\CodeIgniter.php(318): CodeIgniter\CodeIgniter->handleRequest(NULL, Object(Config\Cache), false)
#8 C:\xampp\htdocs\Sigma7\public\index.php(37): CodeIgniter\CodeIgniter->run()
#9 {main}
CRITICAL - 2021-11-20 09:40:09 --> syntax error, unexpected token "=", expecting "]"
#0 C:\xampp\htdocs\Sigma7\system\Autoloader\Autoloader.php(241): CodeIgniter\Autoloader\Autoloader->includeFile('C:\\xampp\\htdocs...')
#1 C:\xampp\htdocs\Sigma7\system\Autoloader\Autoloader.php(219): CodeIgniter\Autoloader\Autoloader->loadInNamespace('App\\Controllers...')
#2 C:\xampp\htdocs\Sigma7\app\Controllers\Home.php(5): CodeIgniter\Autoloader\Autoloader->loadClass('App\\Controllers...')
#3 C:\xampp\htdocs\Sigma7\system\Router\Router.php(519): include_once('C:\\xampp\\htdocs...')
#4 C:\xampp\htdocs\Sigma7\system\Router\Router.php(176): CodeIgniter\Router\Router->autoRoute('Home/batch1Page')
#5 C:\xampp\htdocs\Sigma7\system\CodeIgniter.php(718): CodeIgniter\Router\Router->handle('Home/batch1Page')
#6 C:\xampp\htdocs\Sigma7\system\CodeIgniter.php(359): CodeIgniter\CodeIgniter->tryToRouteIt(Object(CodeIgniter\Router\RouteCollection))
#7 C:\xampp\htdocs\Sigma7\system\CodeIgniter.php(318): CodeIgniter\CodeIgniter->handleRequest(NULL, Object(Config\Cache), false)
#8 C:\xampp\htdocs\Sigma7\public\index.php(37): CodeIgniter\CodeIgniter->run()
#9 {main}
CRITICAL - 2021-11-20 09:40:10 --> syntax error, unexpected token "=", expecting "]"
#0 C:\xampp\htdocs\Sigma7\system\Autoloader\Autoloader.php(241): CodeIgniter\Autoloader\Autoloader->includeFile('C:\\xampp\\htdocs...')
#1 C:\xampp\htdocs\Sigma7\system\Autoloader\Autoloader.php(219): CodeIgniter\Autoloader\Autoloader->loadInNamespace('App\\Controllers...')
#2 C:\xampp\htdocs\Sigma7\app\Controllers\Home.php(5): CodeIgniter\Autoloader\Autoloader->loadClass('App\\Controllers...')
#3 C:\xampp\htdocs\Sigma7\system\Router\Router.php(519): include_once('C:\\xampp\\htdocs...')
#4 C:\xampp\htdocs\Sigma7\system\Router\Router.php(176): CodeIgniter\Router\Router->autoRoute('Home/batch1Page')
#5 C:\xampp\htdocs\Sigma7\system\CodeIgniter.php(718): CodeIgniter\Router\Router->handle('Home/batch1Page')
#6 C:\xampp\htdocs\Sigma7\system\CodeIgniter.php(359): CodeIgniter\CodeIgniter->tryToRouteIt(Object(CodeIgniter\Router\RouteCollection))
#7 C:\xampp\htdocs\Sigma7\system\CodeIgniter.php(318): CodeIgniter\CodeIgniter->handleRequest(NULL, Object(Config\Cache), false)
#8 C:\xampp\htdocs\Sigma7\public\index.php(37): CodeIgniter\CodeIgniter->run()
#9 {main}
CRITICAL - 2021-11-20 09:40:11 --> syntax error, unexpected token "=", expecting "]"
#0 C:\xampp\htdocs\Sigma7\system\Autoloader\Autoloader.php(241): CodeIgniter\Autoloader\Autoloader->includeFile('C:\\xampp\\htdocs...')
#1 C:\xampp\htdocs\Sigma7\system\Autoloader\Autoloader.php(219): CodeIgniter\Autoloader\Autoloader->loadInNamespace('App\\Controllers...')
#2 C:\xampp\htdocs\Sigma7\app\Controllers\Home.php(5): CodeIgniter\Autoloader\Autoloader->loadClass('App\\Controllers...')
#3 C:\xampp\htdocs\Sigma7\system\Router\Router.php(519): include_once('C:\\xampp\\htdocs...')
#4 C:\xampp\htdocs\Sigma7\system\Router\Router.php(176): CodeIgniter\Router\Router->autoRoute('Home/batch1Page')
#5 C:\xampp\htdocs\Sigma7\system\CodeIgniter.php(718): CodeIgniter\Router\Router->handle('Home/batch1Page')
#6 C:\xampp\htdocs\Sigma7\system\CodeIgniter.php(359): CodeIgniter\CodeIgniter->tryToRouteIt(Object(CodeIgniter\Router\RouteCollection))
#7 C:\xampp\htdocs\Sigma7\system\CodeIgniter.php(318): CodeIgniter\CodeIgniter->handleRequest(NULL, Object(Config\Cache), false)
#8 C:\xampp\htdocs\Sigma7\public\index.php(37): CodeIgniter\CodeIgniter->run()
#9 {main}
CRITICAL - 2021-11-20 09:40:11 --> syntax error, unexpected token "=", expecting "]"
#0 C:\xampp\htdocs\Sigma7\system\Autoloader\Autoloader.php(241): CodeIgniter\Autoloader\Autoloader->includeFile('C:\\xampp\\htdocs...')
#1 C:\xampp\htdocs\Sigma7\system\Autoloader\Autoloader.php(219): CodeIgniter\Autoloader\Autoloader->loadInNamespace('App\\Controllers...')
#2 C:\xampp\htdocs\Sigma7\app\Controllers\Home.php(5): CodeIgniter\Autoloader\Autoloader->loadClass('App\\Controllers...')
#3 C:\xampp\htdocs\Sigma7\system\Router\Router.php(519): include_once('C:\\xampp\\htdocs...')
#4 C:\xampp\htdocs\Sigma7\system\Router\Router.php(176): CodeIgniter\Router\Router->autoRoute('Home/batch1Page')
#5 C:\xampp\htdocs\Sigma7\system\CodeIgniter.php(718): CodeIgniter\Router\Router->handle('Home/batch1Page')
#6 C:\xampp\htdocs\Sigma7\system\CodeIgniter.php(359): CodeIgniter\CodeIgniter->tryToRouteIt(Object(CodeIgniter\Router\RouteCollection))
#7 C:\xampp\htdocs\Sigma7\system\CodeIgniter.php(318): CodeIgniter\CodeIgniter->handleRequest(NULL, Object(Config\Cache), false)
#8 C:\xampp\htdocs\Sigma7\public\index.php(37): CodeIgniter\CodeIgniter->run()
#9 {main}
CRITICAL - 2021-11-20 09:40:11 --> syntax error, unexpected token "=", expecting "]"
#0 C:\xampp\htdocs\Sigma7\system\Autoloader\Autoloader.php(241): CodeIgniter\Autoloader\Autoloader->includeFile('C:\\xampp\\htdocs...')
#1 C:\xampp\htdocs\Sigma7\system\Autoloader\Autoloader.php(219): CodeIgniter\Autoloader\Autoloader->loadInNamespace('App\\Controllers...')
#2 C:\xampp\htdocs\Sigma7\app\Controllers\Home.php(5): CodeIgniter\Autoloader\Autoloader->loadClass('App\\Controllers...')
#3 C:\xampp\htdocs\Sigma7\system\Router\Router.php(519): include_once('C:\\xampp\\htdocs...')
#4 C:\xampp\htdocs\Sigma7\system\Router\Router.php(176): CodeIgniter\Router\Router->autoRoute('Home/batch1Page')
#5 C:\xampp\htdocs\Sigma7\system\CodeIgniter.php(718): CodeIgniter\Router\Router->handle('Home/batch1Page')
#6 C:\xampp\htdocs\Sigma7\system\CodeIgniter.php(359): CodeIgniter\CodeIgniter->tryToRouteIt(Object(CodeIgniter\Router\RouteCollection))
#7 C:\xampp\htdocs\Sigma7\system\CodeIgniter.php(318): CodeIgniter\CodeIgniter->handleRequest(NULL, Object(Config\Cache), false)
#8 C:\xampp\htdocs\Sigma7\public\index.php(37): CodeIgniter\CodeIgniter->run()
#9 {main}
CRITICAL - 2021-11-20 09:40:11 --> syntax error, unexpected token "=", expecting "]"
#0 C:\xampp\htdocs\Sigma7\system\Autoloader\Autoloader.php(241): CodeIgniter\Autoloader\Autoloader->includeFile('C:\\xampp\\htdocs...')
#1 C:\xampp\htdocs\Sigma7\system\Autoloader\Autoloader.php(219): CodeIgniter\Autoloader\Autoloader->loadInNamespace('App\\Controllers...')
#2 C:\xampp\htdocs\Sigma7\app\Controllers\Home.php(5): CodeIgniter\Autoloader\Autoloader->loadClass('App\\Controllers...')
#3 C:\xampp\htdocs\Sigma7\system\Router\Router.php(519): include_once('C:\\xampp\\htdocs...')
#4 C:\xampp\htdocs\Sigma7\system\Router\Router.php(176): CodeIgniter\Router\Router->autoRoute('Home/batch1Page')
#5 C:\xampp\htdocs\Sigma7\system\CodeIgniter.php(718): CodeIgniter\Router\Router->handle('Home/batch1Page')
#6 C:\xampp\htdocs\Sigma7\system\CodeIgniter.php(359): CodeIgniter\CodeIgniter->tryToRouteIt(Object(CodeIgniter\Router\RouteCollection))
#7 C:\xampp\htdocs\Sigma7\system\CodeIgniter.php(318): CodeIgniter\CodeIgniter->handleRequest(NULL, Object(Config\Cache), false)
#8 C:\xampp\htdocs\Sigma7\public\index.php(37): CodeIgniter\CodeIgniter->run()
#9 {main}
CRITICAL - 2021-11-20 09:40:11 --> syntax error, unexpected token "=", expecting "]"
#0 C:\xampp\htdocs\Sigma7\system\Autoloader\Autoloader.php(241): CodeIgniter\Autoloader\Autoloader->includeFile('C:\\xampp\\htdocs...')
#1 C:\xampp\htdocs\Sigma7\system\Autoloader\Autoloader.php(219): CodeIgniter\Autoloader\Autoloader->loadInNamespace('App\\Controllers...')
#2 C:\xampp\htdocs\Sigma7\app\Controllers\Home.php(5): CodeIgniter\Autoloader\Autoloader->loadClass('App\\Controllers...')
#3 C:\xampp\htdocs\Sigma7\system\Router\Router.php(519): include_once('C:\\xampp\\htdocs...')
#4 C:\xampp\htdocs\Sigma7\system\Router\Router.php(176): CodeIgniter\Router\Router->autoRoute('Home/batch1Page')
#5 C:\xampp\htdocs\Sigma7\system\CodeIgniter.php(718): CodeIgniter\Router\Router->handle('Home/batch1Page')
#6 C:\xampp\htdocs\Sigma7\system\CodeIgniter.php(359): CodeIgniter\CodeIgniter->tryToRouteIt(Object(CodeIgniter\Router\RouteCollection))
#7 C:\xampp\htdocs\Sigma7\system\CodeIgniter.php(318): CodeIgniter\CodeIgniter->handleRequest(NULL, Object(Config\Cache), false)
#8 C:\xampp\htdocs\Sigma7\public\index.php(37): CodeIgniter\CodeIgniter->run()
#9 {main}
CRITICAL - 2021-11-20 09:40:11 --> syntax error, unexpected token "=", expecting "]"
#0 C:\xampp\htdocs\Sigma7\system\Autoloader\Autoloader.php(241): CodeIgniter\Autoloader\Autoloader->includeFile('C:\\xampp\\htdocs...')
#1 C:\xampp\htdocs\Sigma7\system\Autoloader\Autoloader.php(219): CodeIgniter\Autoloader\Autoloader->loadInNamespace('App\\Controllers...')
#2 C:\xampp\htdocs\Sigma7\app\Controllers\Home.php(5): CodeIgniter\Autoloader\Autoloader->loadClass('App\\Controllers...')
#3 C:\xampp\htdocs\Sigma7\system\Router\Router.php(519): include_once('C:\\xampp\\htdocs...')
#4 C:\xampp\htdocs\Sigma7\system\Router\Router.php(176): CodeIgniter\Router\Router->autoRoute('Home/batch1Page')
#5 C:\xampp\htdocs\Sigma7\system\CodeIgniter.php(718): CodeIgniter\Router\Router->handle('Home/batch1Page')
#6 C:\xampp\htdocs\Sigma7\system\CodeIgniter.php(359): CodeIgniter\CodeIgniter->tryToRouteIt(Object(CodeIgniter\Router\RouteCollection))
#7 C:\xampp\htdocs\Sigma7\system\CodeIgniter.php(318): CodeIgniter\CodeIgniter->handleRequest(NULL, Object(Config\Cache), false)
#8 C:\xampp\htdocs\Sigma7\public\index.php(37): CodeIgniter\CodeIgniter->run()
#9 {main}
CRITICAL - 2021-11-20 10:02:59 --> Undefined variable $validation
#0 C:\xampp\htdocs\Sigma7\app\Views\batch1.php(76): CodeIgniter\Debug\Exceptions->errorHandler(2, 'Undefined varia...', 'C:\\xampp\\htdocs...', 76)
#1 C:\xampp\htdocs\Sigma7\system\View\View.php(214): include('C:\\xampp\\htdocs...')
#2 C:\xampp\htdocs\Sigma7\system\View\View.php(217): CodeIgniter\View\View->CodeIgniter\View\{closure}()
#3 C:\xampp\htdocs\Sigma7\system\Common.php(1097): CodeIgniter\View\View->render('batch1', Array, true)
#4 C:\xampp\htdocs\Sigma7\app\Controllers\Home.php(42): view('batch1')
#5 C:\xampp\htdocs\Sigma7\system\CodeIgniter.php(824): App\Controllers\Home->batch1Page()
#6 C:\xampp\htdocs\Sigma7\system\CodeIgniter.php(410): CodeIgniter\CodeIgniter->runController(Object(App\Controllers\Home))
#7 C:\xampp\htdocs\Sigma7\system\CodeIgniter.php(318): CodeIgniter\CodeIgniter->handleRequest(NULL, Object(Config\Cache), false)
#8 C:\xampp\htdocs\Sigma7\public\index.php(37): CodeIgniter\CodeIgniter->run()
#9 {main}
ERROR - 2021-11-20 10:03:32 --> Error connecting to the database: Access denied for user ''@'localhost' (using password: NO)
CRITICAL - 2021-11-20 10:03:32 --> Unable to connect to the database.
Main connection [MySQLi]: Access denied for user ''@'localhost' (using password: NO)
#0 C:\xampp\htdocs\Sigma7\system\Database\BaseConnection.php(767): CodeIgniter\Database\BaseConnection->initialize()
#1 C:\xampp\htdocs\Sigma7\app\Models\StatementModel.php(29): CodeIgniter\Database\BaseConnection->transBegin()
#2 C:\xampp\htdocs\Sigma7\app\Controllers\Home.php(85): App\Models\StatementModel->getBatch2()
#3 C:\xampp\htdocs\Sigma7\system\CodeIgniter.php(824): App\Controllers\Home->acceptBatch1()
#4 C:\xampp\htdocs\Sigma7\system\CodeIgniter.php(410): CodeIgniter\CodeIgniter->runController(Object(App\Controllers\Home))
#5 C:\xampp\htdocs\Sigma7\system\CodeIgniter.php(318): CodeIgniter\CodeIgniter->handleRequest(NULL, Object(Config\Cache), false)
#6 C:\xampp\htdocs\Sigma7\public\index.php(37): CodeIgniter\CodeIgniter->run()
#7 {main}
CRITICAL - 2021-11-20 10:44:00 --> Too few arguments to function App\Models\ExerciseModel::getExercises(), 0 passed in C:\xampp\htdocs\Sigma7\app\Controllers\Home.php on line 29 and exactly 1 expected
#0 C:\xampp\htdocs\Sigma7\app\Controllers\Home.php(29): App\Models\ExerciseModel->getExercises()
#1 C:\xampp\htdocs\Sigma7\system\CodeIgniter.php(824): App\Controllers\Home->exercisesPage()
#2 C:\xampp\htdocs\Sigma7\system\CodeIgniter.php(410): CodeIgniter\CodeIgniter->runController(Object(App\Controllers\Home))
#3 C:\xampp\htdocs\Sigma7\system\CodeIgniter.php(318): CodeIgniter\CodeIgniter->handleRequest(NULL, Object(Config\Cache), false)
#4 C:\xampp\htdocs\Sigma7\public\index.php(37): CodeIgniter\CodeIgniter->run()
#5 {main}
CRITICAL - 2021-11-20 10:45:22 --> Too few arguments to function App\Models\ExerciseModel::getExercises(), 0 passed in C:\xampp\htdocs\Sigma7\app\Controllers\Home.php on line 29 and exactly 1 expected
#0 C:\xampp\htdocs\Sigma7\app\Controllers\Home.php(29): App\Models\ExerciseModel->getExercises()
#1 C:\xampp\htdocs\Sigma7\system\CodeIgniter.php(824): App\Controllers\Home->exercisesPage()
#2 C:\xampp\htdocs\Sigma7\system\CodeIgniter.php(410): CodeIgniter\CodeIgniter->runController(Object(App\Controllers\Home))
#3 C:\xampp\htdocs\Sigma7\system\CodeIgniter.php(318): CodeIgniter\CodeIgniter->handleRequest(NULL, Object(Config\Cache), false)
#4 C:\xampp\htdocs\Sigma7\public\index.php(37): CodeIgniter\CodeIgniter->run()
#5 {main}
CRITICAL - 2021-11-20 10:45:23 --> Too few arguments to function App\Models\ExerciseModel::getExercises(), 0 passed in C:\xampp\htdocs\Sigma7\app\Controllers\Home.php on line 29 and exactly 1 expected
#0 C:\xampp\htdocs\Sigma7\app\Controllers\Home.php(29): App\Models\ExerciseModel->getExercises()
#1 C:\xampp\htdocs\Sigma7\system\CodeIgniter.php(824): App\Controllers\Home->exercisesPage()
#2 C:\xampp\htdocs\Sigma7\system\CodeIgniter.php(410): CodeIgniter\CodeIgniter->runController(Object(App\Controllers\Home))
#3 C:\xampp\htdocs\Sigma7\system\CodeIgniter.php(318): CodeIgniter\CodeIgniter->handleRequest(NULL, Object(Config\Cache), false)
#4 C:\xampp\htdocs\Sigma7\public\index.php(37): CodeIgniter\CodeIgniter->run()
#5 {main}
CRITICAL - 2021-11-20 10:45:28 --> Too few arguments to function App\Models\ExerciseModel::getExercises(), 0 passed in C:\xampp\htdocs\Sigma7\app\Controllers\Home.php on line 29 and exactly 1 expected
#0 C:\xampp\htdocs\Sigma7\app\Controllers\Home.php(29): App\Models\ExerciseModel->getExercises()
#1 C:\xampp\htdocs\Sigma7\system\CodeIgniter.php(824): App\Controllers\Home->exercisesPage()
#2 C:\xampp\htdocs\Sigma7\system\CodeIgniter.php(410): CodeIgniter\CodeIgniter->runController(Object(App\Controllers\Home))
#3 C:\xampp\htdocs\Sigma7\system\CodeIgniter.php(318): CodeIgniter\CodeIgniter->handleRequest(NULL, Object(Config\Cache), false)
#4 C:\xampp\htdocs\Sigma7\public\index.php(37): CodeIgniter\CodeIgniter->run()
#5 {main}
ERROR - 2021-11-20 11:02:57 --> Error connecting to the database: Access denied for user ''@'localhost' (using password: NO)
CRITICAL - 2021-11-20 11:02:57 --> Unable to connect to the database.
Main connection [MySQLi]: Access denied for user ''@'localhost' (using password: NO)
#0 C:\xampp\htdocs\Sigma7\system\Database\BaseConnection.php(767): CodeIgniter\Database\BaseConnection->initialize()
#1 C:\xampp\htdocs\Sigma7\app\Models\StatementModel.php(29): CodeIgniter\Database\BaseConnection->transBegin()
#2 C:\xampp\htdocs\Sigma7\app\Controllers\Home.php(93): App\Models\StatementModel->getBatch2()
#3 C:\xampp\htdocs\Sigma7\system\CodeIgniter.php(824): App\Controllers\Home->acceptBatch1()
#4 C:\xampp\htdocs\Sigma7\system\CodeIgniter.php(410): CodeIgniter\CodeIgniter->runController(Object(App\Controllers\Home))
#5 C:\xampp\htdocs\Sigma7\system\CodeIgniter.php(318): CodeIgniter\CodeIgniter->handleRequest(NULL, Object(Config\Cache), false)
#6 C:\xampp\htdocs\Sigma7\public\index.php(37): CodeIgniter\CodeIgniter->run()
#7 {main}
