ERROR - 2023-07-27 05:19:24 --> MySQL server has gone away
CRITICAL - 2023-07-27 05:19:24 --> MySQL server has gone away
#0 C:\xampp\htdocs\Sigma7\system\Database\MySQLi\Connection.php(292): mysqli->query('SELECT * FROM m...', 0)
#1 C:\xampp\htdocs\Sigma7\system\Database\BaseConnection.php(670): CodeIgniter\Database\MySQLi\Connection->execute('SELECT * FROM m...')
#2 C:\xampp\htdocs\Sigma7\system\Database\BaseConnection.php(598): CodeIgniter\Database\BaseConnection->simpleQuery('SELECT * FROM m...')
#3 C:\xampp\htdocs\Sigma7\app\Models\MusclepartModel.php(16): CodeIgniter\Database\BaseConnection->query('SELECT * FROM m...')
#4 C:\xampp\htdocs\Sigma7\app\Controllers\Home.php(121): App\Models\MusclepartModel->getMuscleparts()
#5 C:\xampp\htdocs\Sigma7\system\CodeIgniter.php(824): App\Controllers\Home->exercisesPage()
#6 C:\xampp\htdocs\Sigma7\system\CodeIgniter.php(410): CodeIgniter\CodeIgniter->runController(Object(App\Controllers\Home))
#7 C:\xampp\htdocs\Sigma7\system\CodeIgniter.php(318): CodeIgniter\CodeIgniter->handleRequest(NULL, Object(Config\Cache), false)
#8 C:\xampp\htdocs\Sigma7\public\index.php(37): CodeIgniter\CodeIgniter->run()
#9 {main}
ERROR - 2023-07-27 05:21:31 --> Error connecting to the database: No connection could be made because the target machine actively refused it
CRITICAL - 2023-07-27 05:21:31 --> Unable to connect to the database.
Main connection [MySQLi]: No connection could be made because the target machine actively refused it
#0 C:\xampp\htdocs\Sigma7\system\Database\BaseConnection.php(767): CodeIgniter\Database\BaseConnection->initialize()
#1 C:\xampp\htdocs\Sigma7\app\Models\UsersModel.php(37): CodeIgniter\Database\BaseConnection->transBegin()
#2 C:\xampp\htdocs\Sigma7\app\Controllers\Home.php(84): App\Models\UsersModel->verifyLogin('bryan123@gmail....', 'bryan123')
#3 C:\xampp\htdocs\Sigma7\system\CodeIgniter.php(824): App\Controllers\Home->loginUser()
#4 C:\xampp\htdocs\Sigma7\system\CodeIgniter.php(410): CodeIgniter\CodeIgniter->runController(Object(App\Controllers\Home))
#5 C:\xampp\htdocs\Sigma7\system\CodeIgniter.php(318): CodeIgniter\CodeIgniter->handleRequest(NULL, Object(Config\Cache), false)
#6 C:\xampp\htdocs\Sigma7\public\index.php(37): CodeIgniter\CodeIgniter->run()
#7 {main}
